<?xml version="1.0" encoding="UTF-8"?>
<robot generator="Robot 3.2.2 (Python 3.7.6 on win32)" generated="20210407 10:23:13.344" rpa="false">
<suite id="s1" name="Testing Saucedemo M" source="C:\Internship\AutomationTesting\Saucedemo-Mobile\Testing_Saucedemo_M">
<suite id="s1-s1" name="002 Invalid Login" source="C:\Internship\AutomationTesting\Saucedemo-Mobile\Testing_Saucedemo_M\002_invalid_login.robot">
<test id="s1-s1-t1" name="Check Login For Invalid Crendential">
<kw name="Run Keywords" library="BuiltIn" type="setup">
<doc>Executes all the given keywords in a sequence.</doc>
<arguments>
<arg>Open Saucedemo Application</arg>
</arguments>
<kw name="Open Saucedemo Application" library="001_resource">
<kw name="Open Application" library="AppiumLibrary">
<doc>Opens a new application to given Appium server.
Capabilities of appium server, Android and iOS,
Please check https://github.com/appium/appium/blob/master/docs/en/writing-running-appium/server-args.md
| *Option*            | *Man.* | *Description*     |
| remote_url          | Yes    | Appium server url |
| alias               | no     | alias             |</doc>
<arguments>
<arg>${REMOTE_URL}</arg>
<arg>platformName=${PLATFORM_NAME}</arg>
<arg>platformVersion=${PLATFORM_VERSION}</arg>
<arg>deviceName=${DEVICE_NAME}</arg>
<arg>automationName=UiAutomator2</arg>
<arg>appActivity=${APP_ACTIVITY}</arg>
<arg>appPackage=${APP_PACKAGE}</arg>
</arguments>
<status status="PASS" starttime="20210407 10:23:14.397" endtime="20210407 10:23:20.677"></status>
</kw>
<kw name="Wait Until Saucedemo Image Show" library="001_resource">
<kw name="Wait Until Element Is Visible" library="AppiumLibrary">
<doc>Waits until element specified with `locator` is visible.</doc>
<arguments>
<arg>${element_image_saucedemo}</arg>
</arguments>
<status status="PASS" starttime="20210407 10:23:20.678" endtime="20210407 10:23:22.344"></status>
</kw>
<status status="PASS" starttime="20210407 10:23:20.678" endtime="20210407 10:23:22.344"></status>
</kw>
<status status="PASS" starttime="20210407 10:23:14.397" endtime="20210407 10:23:22.344"></status>
</kw>
<status status="PASS" starttime="20210407 10:23:14.397" endtime="20210407 10:23:22.344"></status>
</kw>
<kw name="Login Template">
<arguments>
<arg>locked_out_user</arg>
<arg>${VALID_PASSWORD}</arg>
<arg>Sorry, this user has been locked out.</arg>
</arguments>
<kw name="Input Username" library="001_resource">
<arguments>
<arg>${username}</arg>
</arguments>
<kw name="Input Text" library="AppiumLibrary">
<doc>Types the given `text` into text field identified by `locator`.</doc>
<arguments>
<arg>${txt_username}</arg>
<arg>${username}</arg>
</arguments>
<msg timestamp="20210407 10:23:22.347" level="INFO">Typing text 'locked_out_user' into text field '//android.widget.EditText[@text='Username']'</msg>
<status status="PASS" starttime="20210407 10:23:22.345" endtime="20210407 10:23:22.909"></status>
</kw>
<status status="PASS" starttime="20210407 10:23:22.345" endtime="20210407 10:23:22.909"></status>
</kw>
<kw name="Input Password" library="001_resource">
<arguments>
<arg>${password}</arg>
</arguments>
<kw name="Input Text" library="AppiumLibrary">
<doc>Types the given `text` into text field identified by `locator`.</doc>
<arguments>
<arg>${txt_password}</arg>
<arg>${password}</arg>
</arguments>
<msg timestamp="20210407 10:23:22.912" level="INFO">Typing text 'secret_sauce' into text field '//android.widget.EditText[@text='Password']'</msg>
<status status="PASS" starttime="20210407 10:23:22.910" endtime="20210407 10:23:23.961"></status>
</kw>
<status status="PASS" starttime="20210407 10:23:22.910" endtime="20210407 10:23:23.961"></status>
</kw>
<kw name="Click Login Button" library="001_resource">
<kw name="Click Element" library="AppiumLibrary">
<doc>Click element identified by `locator`.</doc>
<arguments>
<arg>${btn_login}</arg>
</arguments>
<msg timestamp="20210407 10:23:23.963" level="INFO">Clicking element '//android.view.ViewGroup[@content-desc='test-LOGIN']'.</msg>
<status status="PASS" starttime="20210407 10:23:23.961" endtime="20210407 10:23:24.509"></status>
</kw>
<status status="PASS" starttime="20210407 10:23:23.961" endtime="20210407 10:23:24.510"></status>
</kw>
<kw name="Login Should Fail">
<arguments>
<arg>${error}</arg>
</arguments>
<kw name="Wait Until Element Is Visible" library="AppiumLibrary">
<doc>Waits until element specified with `locator` is visible.</doc>
<arguments>
<arg>${element_error_message}</arg>
</arguments>
<status status="PASS" starttime="20210407 10:23:24.510" endtime="20210407 10:23:25.200"></status>
</kw>
<kw name="Get Text" library="AppiumLibrary">
<doc>Get element text (for hybrid and mobile browser use `xpath` locator, others might cause problem)</doc>
<arguments>
<arg>${txt_error_message}</arg>
</arguments>
<assign>
<var>${text}</var>
</assign>
<msg timestamp="20210407 10:23:25.287" level="INFO">Element '//android.view.ViewGroup[@content-desc='test-Error message']/android.widget.TextView[@index='0']' text is 'Sorry, this user has been locked out.' </msg>
<msg timestamp="20210407 10:23:25.287" level="INFO">${text} = Sorry, this user has been locked out.</msg>
<status status="PASS" starttime="20210407 10:23:25.201" endtime="20210407 10:23:25.287"></status>
</kw>
<kw name="Should Be Equal" library="BuiltIn">
<doc>Fails if the given objects are unequal.</doc>
<arguments>
<arg>${msg}</arg>
<arg>${text}</arg>
</arguments>
<status status="PASS" starttime="20210407 10:23:25.288" endtime="20210407 10:23:25.288"></status>
</kw>
<status status="PASS" starttime="20210407 10:23:24.510" endtime="20210407 10:23:25.288"></status>
</kw>
<status status="PASS" starttime="20210407 10:23:22.345" endtime="20210407 10:23:25.288"></status>
</kw>
<kw name="Close Application" library="AppiumLibrary" type="teardown">
<doc>Closes the current application and also close webdriver session.</doc>
<status status="PASS" starttime="20210407 10:23:25.288" endtime="20210407 10:23:25.644"></status>
</kw>
<status status="PASS" starttime="20210407 10:23:14.396" endtime="20210407 10:23:25.644" critical="yes"></status>
</test>
<test id="s1-s1-t2" name="Check Login For Invalid Crendential">
<kw name="Run Keywords" library="BuiltIn" type="setup">
<doc>Executes all the given keywords in a sequence.</doc>
<arguments>
<arg>Open Saucedemo Application</arg>
</arguments>
<kw name="Open Saucedemo Application" library="001_resource">
<kw name="Open Application" library="AppiumLibrary">
<doc>Opens a new application to given Appium server.
Capabilities of appium server, Android and iOS,
Please check https://github.com/appium/appium/blob/master/docs/en/writing-running-appium/server-args.md
| *Option*            | *Man.* | *Description*     |
| remote_url          | Yes    | Appium server url |
| alias               | no     | alias             |</doc>
<arguments>
<arg>${REMOTE_URL}</arg>
<arg>platformName=${PLATFORM_NAME}</arg>
<arg>platformVersion=${PLATFORM_VERSION}</arg>
<arg>deviceName=${DEVICE_NAME}</arg>
<arg>automationName=UiAutomator2</arg>
<arg>appActivity=${APP_ACTIVITY}</arg>
<arg>appPackage=${APP_PACKAGE}</arg>
</arguments>
<status status="PASS" starttime="20210407 10:23:25.646" endtime="20210407 10:23:31.958"></status>
</kw>
<kw name="Wait Until Saucedemo Image Show" library="001_resource">
<kw name="Wait Until Element Is Visible" library="AppiumLibrary">
<doc>Waits until element specified with `locator` is visible.</doc>
<arguments>
<arg>${element_image_saucedemo}</arg>
</arguments>
<status status="PASS" starttime="20210407 10:23:31.959" endtime="20210407 10:23:33.494"></status>
</kw>
<status status="PASS" starttime="20210407 10:23:31.958" endtime="20210407 10:23:33.494"></status>
</kw>
<status status="PASS" starttime="20210407 10:23:25.645" endtime="20210407 10:23:33.494"></status>
</kw>
<status status="PASS" starttime="20210407 10:23:25.645" endtime="20210407 10:23:33.494"></status>
</kw>
<kw name="Login Template">
<arguments>
<arg>${EMPTY}</arg>
<arg>${VALID_PASSWORD}</arg>
<arg>Username is required</arg>
</arguments>
<kw name="Input Username" library="001_resource">
<arguments>
<arg>${username}</arg>
</arguments>
<kw name="Input Text" library="AppiumLibrary">
<doc>Types the given `text` into text field identified by `locator`.</doc>
<arguments>
<arg>${txt_username}</arg>
<arg>${username}</arg>
</arguments>
<msg timestamp="20210407 10:23:33.497" level="INFO">Typing text '' into text field '//android.widget.EditText[@text='Username']'</msg>
<status status="PASS" starttime="20210407 10:23:33.495" endtime="20210407 10:23:34.070"></status>
</kw>
<status status="PASS" starttime="20210407 10:23:33.495" endtime="20210407 10:23:34.071"></status>
</kw>
<kw name="Input Password" library="001_resource">
<arguments>
<arg>${password}</arg>
</arguments>
<kw name="Input Text" library="AppiumLibrary">
<doc>Types the given `text` into text field identified by `locator`.</doc>
<arguments>
<arg>${txt_password}</arg>
<arg>${password}</arg>
</arguments>
<msg timestamp="20210407 10:23:34.076" level="INFO">Typing text 'secret_sauce' into text field '//android.widget.EditText[@text='Password']'</msg>
<status status="PASS" starttime="20210407 10:23:34.072" endtime="20210407 10:23:35.170"></status>
</kw>
<status status="PASS" starttime="20210407 10:23:34.071" endtime="20210407 10:23:35.170"></status>
</kw>
<kw name="Click Login Button" library="001_resource">
<kw name="Click Element" library="AppiumLibrary">
<doc>Click element identified by `locator`.</doc>
<arguments>
<arg>${btn_login}</arg>
</arguments>
<msg timestamp="20210407 10:23:35.172" level="INFO">Clicking element '//android.view.ViewGroup[@content-desc='test-LOGIN']'.</msg>
<status status="PASS" starttime="20210407 10:23:35.171" endtime="20210407 10:23:35.733"></status>
</kw>
<status status="PASS" starttime="20210407 10:23:35.170" endtime="20210407 10:23:35.733"></status>
</kw>
<kw name="Login Should Fail">
<arguments>
<arg>${error}</arg>
</arguments>
<kw name="Wait Until Element Is Visible" library="AppiumLibrary">
<doc>Waits until element specified with `locator` is visible.</doc>
<arguments>
<arg>${element_error_message}</arg>
</arguments>
<status status="PASS" starttime="20210407 10:23:35.734" endtime="20210407 10:23:36.428"></status>
</kw>
<kw name="Get Text" library="AppiumLibrary">
<doc>Get element text (for hybrid and mobile browser use `xpath` locator, others might cause problem)</doc>
<arguments>
<arg>${txt_error_message}</arg>
</arguments>
<assign>
<var>${text}</var>
</assign>
<msg timestamp="20210407 10:23:36.488" level="INFO">Element '//android.view.ViewGroup[@content-desc='test-Error message']/android.widget.TextView[@index='0']' text is 'Username is required' </msg>
<msg timestamp="20210407 10:23:36.489" level="INFO">${text} = Username is required</msg>
<status status="PASS" starttime="20210407 10:23:36.428" endtime="20210407 10:23:36.489"></status>
</kw>
<kw name="Should Be Equal" library="BuiltIn">
<doc>Fails if the given objects are unequal.</doc>
<arguments>
<arg>${msg}</arg>
<arg>${text}</arg>
</arguments>
<status status="PASS" starttime="20210407 10:23:36.489" endtime="20210407 10:23:36.489"></status>
</kw>
<status status="PASS" starttime="20210407 10:23:35.733" endtime="20210407 10:23:36.489"></status>
</kw>
<status status="PASS" starttime="20210407 10:23:33.494" endtime="20210407 10:23:36.489"></status>
</kw>
<kw name="Close Application" library="AppiumLibrary" type="teardown">
<doc>Closes the current application and also close webdriver session.</doc>
<status status="PASS" starttime="20210407 10:23:36.490" endtime="20210407 10:23:36.846"></status>
</kw>
<status status="PASS" starttime="20210407 10:23:25.645" endtime="20210407 10:23:36.846" critical="yes"></status>
</test>
<test id="s1-s1-t3" name="Check Login For Invalid Crendential">
<kw name="Run Keywords" library="BuiltIn" type="setup">
<doc>Executes all the given keywords in a sequence.</doc>
<arguments>
<arg>Open Saucedemo Application</arg>
</arguments>
<kw name="Open Saucedemo Application" library="001_resource">
<kw name="Open Application" library="AppiumLibrary">
<doc>Opens a new application to given Appium server.
Capabilities of appium server, Android and iOS,
Please check https://github.com/appium/appium/blob/master/docs/en/writing-running-appium/server-args.md
| *Option*            | *Man.* | *Description*     |
| remote_url          | Yes    | Appium server url |
| alias               | no     | alias             |</doc>
<arguments>
<arg>${REMOTE_URL}</arg>
<arg>platformName=${PLATFORM_NAME}</arg>
<arg>platformVersion=${PLATFORM_VERSION}</arg>
<arg>deviceName=${DEVICE_NAME}</arg>
<arg>automationName=UiAutomator2</arg>
<arg>appActivity=${APP_ACTIVITY}</arg>
<arg>appPackage=${APP_PACKAGE}</arg>
</arguments>
<status status="PASS" starttime="20210407 10:23:36.847" endtime="20210407 10:23:43.168"></status>
</kw>
<kw name="Wait Until Saucedemo Image Show" library="001_resource">
<kw name="Wait Until Element Is Visible" library="AppiumLibrary">
<doc>Waits until element specified with `locator` is visible.</doc>
<arguments>
<arg>${element_image_saucedemo}</arg>
</arguments>
<status status="PASS" starttime="20210407 10:23:43.169" endtime="20210407 10:23:44.650"></status>
</kw>
<status status="PASS" starttime="20210407 10:23:43.169" endtime="20210407 10:23:44.650"></status>
</kw>
<status status="PASS" starttime="20210407 10:23:36.847" endtime="20210407 10:23:44.650"></status>
</kw>
<status status="PASS" starttime="20210407 10:23:36.847" endtime="20210407 10:23:44.650"></status>
</kw>
<kw name="Login Template">
<arguments>
<arg>${VALID_USERNAME}</arg>
<arg>${EMPTY}</arg>
<arg>Password is required</arg>
</arguments>
<kw name="Input Username" library="001_resource">
<arguments>
<arg>${username}</arg>
</arguments>
<kw name="Input Text" library="AppiumLibrary">
<doc>Types the given `text` into text field identified by `locator`.</doc>
<arguments>
<arg>${txt_username}</arg>
<arg>${username}</arg>
</arguments>
<msg timestamp="20210407 10:23:44.653" level="INFO">Typing text 'standard_user' into text field '//android.widget.EditText[@text='Username']'</msg>
<status status="PASS" starttime="20210407 10:23:44.651" endtime="20210407 10:23:45.232"></status>
</kw>
<status status="PASS" starttime="20210407 10:23:44.651" endtime="20210407 10:23:45.233"></status>
</kw>
<kw name="Input Password" library="001_resource">
<arguments>
<arg>${password}</arg>
</arguments>
<kw name="Input Text" library="AppiumLibrary">
<doc>Types the given `text` into text field identified by `locator`.</doc>
<arguments>
<arg>${txt_password}</arg>
<arg>${password}</arg>
</arguments>
<msg timestamp="20210407 10:23:45.237" level="INFO">Typing text '' into text field '//android.widget.EditText[@text='Password']'</msg>
<status status="PASS" starttime="20210407 10:23:45.234" endtime="20210407 10:23:46.327"></status>
</kw>
<status status="PASS" starttime="20210407 10:23:45.233" endtime="20210407 10:23:46.328"></status>
</kw>
<kw name="Click Login Button" library="001_resource">
<kw name="Click Element" library="AppiumLibrary">
<doc>Click element identified by `locator`.</doc>
<arguments>
<arg>${btn_login}</arg>
</arguments>
<msg timestamp="20210407 10:23:46.332" level="INFO">Clicking element '//android.view.ViewGroup[@content-desc='test-LOGIN']'.</msg>
<status status="PASS" starttime="20210407 10:23:46.329" endtime="20210407 10:23:46.876"></status>
</kw>
<status status="PASS" starttime="20210407 10:23:46.328" endtime="20210407 10:23:46.877"></status>
</kw>
<kw name="Login Should Fail">
<arguments>
<arg>${error}</arg>
</arguments>
<kw name="Wait Until Element Is Visible" library="AppiumLibrary">
<doc>Waits until element specified with `locator` is visible.</doc>
<arguments>
<arg>${element_error_message}</arg>
</arguments>
<status status="PASS" starttime="20210407 10:23:46.877" endtime="20210407 10:23:47.587"></status>
</kw>
<kw name="Get Text" library="AppiumLibrary">
<doc>Get element text (for hybrid and mobile browser use `xpath` locator, others might cause problem)</doc>
<arguments>
<arg>${txt_error_message}</arg>
</arguments>
<assign>
<var>${text}</var>
</assign>
<msg timestamp="20210407 10:23:47.645" level="INFO">Element '//android.view.ViewGroup[@content-desc='test-Error message']/android.widget.TextView[@index='0']' text is 'Password is required' </msg>
<msg timestamp="20210407 10:23:47.645" level="INFO">${text} = Password is required</msg>
<status status="PASS" starttime="20210407 10:23:47.588" endtime="20210407 10:23:47.645"></status>
</kw>
<kw name="Should Be Equal" library="BuiltIn">
<doc>Fails if the given objects are unequal.</doc>
<arguments>
<arg>${msg}</arg>
<arg>${text}</arg>
</arguments>
<status status="PASS" starttime="20210407 10:23:47.646" endtime="20210407 10:23:47.646"></status>
</kw>
<status status="PASS" starttime="20210407 10:23:46.877" endtime="20210407 10:23:47.646"></status>
</kw>
<status status="PASS" starttime="20210407 10:23:44.650" endtime="20210407 10:23:47.646"></status>
</kw>
<kw name="Close Application" library="AppiumLibrary" type="teardown">
<doc>Closes the current application and also close webdriver session.</doc>
<status status="PASS" starttime="20210407 10:23:47.646" endtime="20210407 10:23:48.005"></status>
</kw>
<status status="PASS" starttime="20210407 10:23:36.846" endtime="20210407 10:23:48.006" critical="yes"></status>
</test>
<doc>Test and verify if login is invalid</doc>
<status status="PASS" starttime="20210407 10:23:13.370" endtime="20210407 10:23:48.006"></status>
</suite>
<suite id="s1-s2" name="003 Invalid Login Json" source="C:\Internship\AutomationTesting\Saucedemo-Mobile\Testing_Saucedemo_M\003_invalid_login_json.robot">
<kw name="Json File" type="setup">
<kw name="Load JSON From File" library="JSONLibrary">
<doc>Load JSON from file.</doc>
<arguments>
<arg>./Data_Set/users.json</arg>
</arguments>
<assign>
<var>${json_obj}</var>
</assign>
<msg timestamp="20210407 10:23:48.151" level="INFO">${json_obj} = {'users': [{'username': 'locked_out_user', 'password': 'secret_sauce', 'error': 'Sorry, this user has been locked out.'}, {'username': 'standard_user', 'password': '', 'error': 'Password is required'}...</msg>
<status status="PASS" starttime="20210407 10:23:48.150" endtime="20210407 10:23:48.151"></status>
</kw>
<kw name="Convert JSON To String" library="JSONLibrary">
<doc>Convert JSON object to string</doc>
<arguments>
<arg>${json_obj}</arg>
</arguments>
<assign>
<var>${json_str}</var>
</assign>
<msg timestamp="20210407 10:23:48.151" level="INFO">${json_str} = {"users": [{"username": "locked_out_user", "password": "secret_sauce", "error": "Sorry, this user has been locked out."}, {"username": "standard_user", "password": "", "error": "Password is required"}...</msg>
<status status="PASS" starttime="20210407 10:23:48.151" endtime="20210407 10:23:48.151"></status>
</kw>
<kw name="Evaluate" library="BuiltIn">
<doc>Evaluates the given expression in Python and returns the result.</doc>
<arguments>
<arg>json.loads('''${json_str}''')</arg>
<arg>json</arg>
</arguments>
<assign>
<var>${data}</var>
</assign>
<msg timestamp="20210407 10:23:48.152" level="INFO">${data} = {'users': [{'username': 'locked_out_user', 'password': 'secret_sauce', 'error': 'Sorry, this user has been locked out.'}, {'username': 'standard_user', 'password': '', 'error': 'Password is required'}...</msg>
<status status="PASS" starttime="20210407 10:23:48.151" endtime="20210407 10:23:48.152"></status>
</kw>
<kw name="Get Length" library="BuiltIn">
<doc>Returns and logs the length of the given item as an integer.</doc>
<arguments>
<arg>${data["users"]}</arg>
</arguments>
<assign>
<var>${lengthOfData}</var>
</assign>
<msg timestamp="20210407 10:23:48.152" level="INFO">Length is 3</msg>
<msg timestamp="20210407 10:23:48.152" level="INFO">${lengthOfData} = 3</msg>
<status status="PASS" starttime="20210407 10:23:48.152" endtime="20210407 10:23:48.152"></status>
</kw>
<kw name="Set Global Variable" library="BuiltIn">
<doc>Makes a variable available globally in all tests and suites.</doc>
<arguments>
<arg>${data}</arg>
</arguments>
<msg timestamp="20210407 10:23:48.153" level="INFO">${data} = {'users': [{'username': 'locked_out_user', 'password': 'secret_sauce', 'error': 'Sorry, this user has been locked out.'}, {'username': 'standard_user', 'password': '', 'error': 'Password is required'}...</msg>
<status status="PASS" starttime="20210407 10:23:48.152" endtime="20210407 10:23:48.153"></status>
</kw>
<kw name="Set Global Variable" library="BuiltIn">
<doc>Makes a variable available globally in all tests and suites.</doc>
<arguments>
<arg>${lengthOfData}</arg>
</arguments>
<msg timestamp="20210407 10:23:48.153" level="INFO">${lengthOfData} = 3</msg>
<status status="PASS" starttime="20210407 10:23:48.153" endtime="20210407 10:23:48.153"></status>
</kw>
<status status="PASS" starttime="20210407 10:23:48.150" endtime="20210407 10:23:48.153"></status>
</kw>
<test id="s1-s2-t1" name="Check Login For Invalid Crendential Through Json File">
<kw name="${i} IN RANGE [ ${lengthOfData} ]" type="for">
<kw name="${i} = 0" type="foritem">
<kw name="Open Saucedemo Application" library="001_resource">
<kw name="Open Application" library="AppiumLibrary">
<doc>Opens a new application to given Appium server.
Capabilities of appium server, Android and iOS,
Please check https://github.com/appium/appium/blob/master/docs/en/writing-running-appium/server-args.md
| *Option*            | *Man.* | *Description*     |
| remote_url          | Yes    | Appium server url |
| alias               | no     | alias             |</doc>
<arguments>
<arg>${REMOTE_URL}</arg>
<arg>platformName=${PLATFORM_NAME}</arg>
<arg>platformVersion=${PLATFORM_VERSION}</arg>
<arg>deviceName=${DEVICE_NAME}</arg>
<arg>automationName=UiAutomator2</arg>
<arg>appActivity=${APP_ACTIVITY}</arg>
<arg>appPackage=${APP_PACKAGE}</arg>
</arguments>
<status status="PASS" starttime="20210407 10:23:48.154" endtime="20210407 10:23:54.357"></status>
</kw>
<kw name="Wait Until Saucedemo Image Show">
<kw name="Wait Until Element Is Visible" library="AppiumLibrary">
<doc>Waits until element specified with `locator` is visible.</doc>
<arguments>
<arg>//android.view.ViewGroup/android.widget.ImageView[@index='0']</arg>
</arguments>
<status status="PASS" starttime="20210407 10:23:54.358" endtime="20210407 10:23:55.930"></status>
</kw>
<status status="PASS" starttime="20210407 10:23:54.358" endtime="20210407 10:23:55.931"></status>
</kw>
<status status="PASS" starttime="20210407 10:23:48.154" endtime="20210407 10:23:55.931"></status>
</kw>
<kw name="Run Keyword And Continue On Failure" library="BuiltIn">
<doc>Runs the keyword and continues execution even if a failure occurs.</doc>
<arguments>
<arg>Login Template</arg>
<arg>${data["users"][${i}]["username"]}</arg>
<arg>${data["users"][${i}]["password"]}</arg>
<arg>${data["users"][${i}]["error"]}</arg>
</arguments>
<kw name="Login Template">
<arguments>
<arg>${data["users"][${i}]["username"]}</arg>
<arg>${data["users"][${i}]["password"]}</arg>
<arg>${data["users"][${i}]["error"]}</arg>
</arguments>
<kw name="Input Username" library="001_resource">
<arguments>
<arg>${username}</arg>
</arguments>
<kw name="Input Text" library="AppiumLibrary">
<doc>Types the given `text` into text field identified by `locator`.</doc>
<arguments>
<arg>${txt_username}</arg>
<arg>${username}</arg>
</arguments>
<msg timestamp="20210407 10:23:55.934" level="INFO">Typing text 'locked_out_user' into text field '//android.widget.EditText[@text='Username']'</msg>
<status status="PASS" starttime="20210407 10:23:55.932" endtime="20210407 10:23:56.508"></status>
</kw>
<status status="PASS" starttime="20210407 10:23:55.932" endtime="20210407 10:23:56.508"></status>
</kw>
<kw name="Input Password" library="001_resource">
<arguments>
<arg>${password}</arg>
</arguments>
<kw name="Input Text" library="AppiumLibrary">
<doc>Types the given `text` into text field identified by `locator`.</doc>
<arguments>
<arg>${txt_password}</arg>
<arg>${password}</arg>
</arguments>
<msg timestamp="20210407 10:23:56.512" level="INFO">Typing text 'secret_sauce' into text field '//android.widget.EditText[@text='Password']'</msg>
<status status="PASS" starttime="20210407 10:23:56.509" endtime="20210407 10:23:57.577"></status>
</kw>
<status status="PASS" starttime="20210407 10:23:56.508" endtime="20210407 10:23:57.578"></status>
</kw>
<kw name="Click Login Button" library="001_resource">
<kw name="Click Element" library="AppiumLibrary">
<doc>Click element identified by `locator`.</doc>
<arguments>
<arg>${btn_login}</arg>
</arguments>
<msg timestamp="20210407 10:23:57.579" level="INFO">Clicking element '//android.view.ViewGroup[@content-desc='test-LOGIN']'.</msg>
<status status="PASS" starttime="20210407 10:23:57.578" endtime="20210407 10:23:58.106"></status>
</kw>
<status status="PASS" starttime="20210407 10:23:57.578" endtime="20210407 10:23:58.106"></status>
</kw>
<kw name="Login Should Fail">
<arguments>
<arg>${error}</arg>
</arguments>
<kw name="Wait Until Element Is Visible" library="AppiumLibrary">
<doc>Waits until element specified with `locator` is visible.</doc>
<arguments>
<arg>//android.view.ViewGroup[@content-desc="test-Error message"]</arg>
</arguments>
<status status="PASS" starttime="20210407 10:23:58.107" endtime="20210407 10:23:58.797"></status>
</kw>
<kw name="Get Text" library="AppiumLibrary">
<doc>Get element text (for hybrid and mobile browser use `xpath` locator, others might cause problem)</doc>
<arguments>
<arg>//android.view.ViewGroup[@content-desc="test-Error message"]/android.widget.TextView[@index='0']</arg>
</arguments>
<assign>
<var>${text}</var>
</assign>
<msg timestamp="20210407 10:23:58.865" level="INFO">Element '//android.view.ViewGroup[@content-desc="test-Error message"]/android.widget.TextView[@index='0']' text is 'Sorry, this user has been locked out.' </msg>
<msg timestamp="20210407 10:23:58.865" level="INFO">${text} = Sorry, this user has been locked out.</msg>
<status status="PASS" starttime="20210407 10:23:58.798" endtime="20210407 10:23:58.865"></status>
</kw>
<kw name="Should Be Equal" library="BuiltIn">
<doc>Fails if the given objects are unequal.</doc>
<arguments>
<arg>${msg}</arg>
<arg>${text}</arg>
</arguments>
<status status="PASS" starttime="20210407 10:23:58.865" endtime="20210407 10:23:58.866"></status>
</kw>
<status status="PASS" starttime="20210407 10:23:58.106" endtime="20210407 10:23:58.866"></status>
</kw>
<status status="PASS" starttime="20210407 10:23:55.931" endtime="20210407 10:23:58.866"></status>
</kw>
<status status="PASS" starttime="20210407 10:23:55.931" endtime="20210407 10:23:58.866"></status>
</kw>
<kw name="Close Application" library="AppiumLibrary">
<doc>Closes the current application and also close webdriver session.</doc>
<status status="PASS" starttime="20210407 10:23:58.866" endtime="20210407 10:23:59.195"></status>
</kw>
<status status="PASS" starttime="20210407 10:23:48.154" endtime="20210407 10:23:59.195"></status>
</kw>
<kw name="${i} = 1" type="foritem">
<kw name="Open Saucedemo Application" library="001_resource">
<kw name="Open Application" library="AppiumLibrary">
<doc>Opens a new application to given Appium server.
Capabilities of appium server, Android and iOS,
Please check https://github.com/appium/appium/blob/master/docs/en/writing-running-appium/server-args.md
| *Option*            | *Man.* | *Description*     |
| remote_url          | Yes    | Appium server url |
| alias               | no     | alias             |</doc>
<arguments>
<arg>${REMOTE_URL}</arg>
<arg>platformName=${PLATFORM_NAME}</arg>
<arg>platformVersion=${PLATFORM_VERSION}</arg>
<arg>deviceName=${DEVICE_NAME}</arg>
<arg>automationName=UiAutomator2</arg>
<arg>appActivity=${APP_ACTIVITY}</arg>
<arg>appPackage=${APP_PACKAGE}</arg>
</arguments>
<status status="PASS" starttime="20210407 10:23:59.196" endtime="20210407 10:24:05.456"></status>
</kw>
<kw name="Wait Until Saucedemo Image Show">
<kw name="Wait Until Element Is Visible" library="AppiumLibrary">
<doc>Waits until element specified with `locator` is visible.</doc>
<arguments>
<arg>//android.view.ViewGroup/android.widget.ImageView[@index='0']</arg>
</arguments>
<status status="PASS" starttime="20210407 10:24:05.457" endtime="20210407 10:24:07.156"></status>
</kw>
<status status="PASS" starttime="20210407 10:24:05.456" endtime="20210407 10:24:07.156"></status>
</kw>
<status status="PASS" starttime="20210407 10:23:59.195" endtime="20210407 10:24:07.156"></status>
</kw>
<kw name="Run Keyword And Continue On Failure" library="BuiltIn">
<doc>Runs the keyword and continues execution even if a failure occurs.</doc>
<arguments>
<arg>Login Template</arg>
<arg>${data["users"][${i}]["username"]}</arg>
<arg>${data["users"][${i}]["password"]}</arg>
<arg>${data["users"][${i}]["error"]}</arg>
</arguments>
<kw name="Login Template">
<arguments>
<arg>${data["users"][${i}]["username"]}</arg>
<arg>${data["users"][${i}]["password"]}</arg>
<arg>${data["users"][${i}]["error"]}</arg>
</arguments>
<kw name="Input Username" library="001_resource">
<arguments>
<arg>${username}</arg>
</arguments>
<kw name="Input Text" library="AppiumLibrary">
<doc>Types the given `text` into text field identified by `locator`.</doc>
<arguments>
<arg>${txt_username}</arg>
<arg>${username}</arg>
</arguments>
<msg timestamp="20210407 10:24:07.159" level="INFO">Typing text 'standard_user' into text field '//android.widget.EditText[@text='Username']'</msg>
<status status="PASS" starttime="20210407 10:24:07.158" endtime="20210407 10:24:07.741"></status>
</kw>
<status status="PASS" starttime="20210407 10:24:07.157" endtime="20210407 10:24:07.741"></status>
</kw>
<kw name="Input Password" library="001_resource">
<arguments>
<arg>${password}</arg>
</arguments>
<kw name="Input Text" library="AppiumLibrary">
<doc>Types the given `text` into text field identified by `locator`.</doc>
<arguments>
<arg>${txt_password}</arg>
<arg>${password}</arg>
</arguments>
<msg timestamp="20210407 10:24:07.744" level="INFO">Typing text '' into text field '//android.widget.EditText[@text='Password']'</msg>
<status status="PASS" starttime="20210407 10:24:07.742" endtime="20210407 10:24:08.827"></status>
</kw>
<status status="PASS" starttime="20210407 10:24:07.741" endtime="20210407 10:24:08.828"></status>
</kw>
<kw name="Click Login Button" library="001_resource">
<kw name="Click Element" library="AppiumLibrary">
<doc>Click element identified by `locator`.</doc>
<arguments>
<arg>${btn_login}</arg>
</arguments>
<msg timestamp="20210407 10:24:08.831" level="INFO">Clicking element '//android.view.ViewGroup[@content-desc='test-LOGIN']'.</msg>
<status status="PASS" starttime="20210407 10:24:08.828" endtime="20210407 10:24:09.376"></status>
</kw>
<status status="PASS" starttime="20210407 10:24:08.828" endtime="20210407 10:24:09.377"></status>
</kw>
<kw name="Login Should Fail">
<arguments>
<arg>${error}</arg>
</arguments>
<kw name="Wait Until Element Is Visible" library="AppiumLibrary">
<doc>Waits until element specified with `locator` is visible.</doc>
<arguments>
<arg>//android.view.ViewGroup[@content-desc="test-Error message"]</arg>
</arguments>
<status status="PASS" starttime="20210407 10:24:09.377" endtime="20210407 10:24:10.098"></status>
</kw>
<kw name="Get Text" library="AppiumLibrary">
<doc>Get element text (for hybrid and mobile browser use `xpath` locator, others might cause problem)</doc>
<arguments>
<arg>//android.view.ViewGroup[@content-desc="test-Error message"]/android.widget.TextView[@index='0']</arg>
</arguments>
<assign>
<var>${text}</var>
</assign>
<msg timestamp="20210407 10:24:10.166" level="INFO">Element '//android.view.ViewGroup[@content-desc="test-Error message"]/android.widget.TextView[@index='0']' text is 'Password is required' </msg>
<msg timestamp="20210407 10:24:10.166" level="INFO">${text} = Password is required</msg>
<status status="PASS" starttime="20210407 10:24:10.099" endtime="20210407 10:24:10.166"></status>
</kw>
<kw name="Should Be Equal" library="BuiltIn">
<doc>Fails if the given objects are unequal.</doc>
<arguments>
<arg>${msg}</arg>
<arg>${text}</arg>
</arguments>
<status status="PASS" starttime="20210407 10:24:10.166" endtime="20210407 10:24:10.167"></status>
</kw>
<status status="PASS" starttime="20210407 10:24:09.377" endtime="20210407 10:24:10.167"></status>
</kw>
<status status="PASS" starttime="20210407 10:24:07.157" endtime="20210407 10:24:10.167"></status>
</kw>
<status status="PASS" starttime="20210407 10:24:07.156" endtime="20210407 10:24:10.167"></status>
</kw>
<kw name="Close Application" library="AppiumLibrary">
<doc>Closes the current application and also close webdriver session.</doc>
<status status="PASS" starttime="20210407 10:24:10.167" endtime="20210407 10:24:10.527"></status>
</kw>
<status status="PASS" starttime="20210407 10:23:59.195" endtime="20210407 10:24:10.527"></status>
</kw>
<kw name="${i} = 2" type="foritem">
<kw name="Open Saucedemo Application" library="001_resource">
<kw name="Open Application" library="AppiumLibrary">
<doc>Opens a new application to given Appium server.
Capabilities of appium server, Android and iOS,
Please check https://github.com/appium/appium/blob/master/docs/en/writing-running-appium/server-args.md
| *Option*            | *Man.* | *Description*     |
| remote_url          | Yes    | Appium server url |
| alias               | no     | alias             |</doc>
<arguments>
<arg>${REMOTE_URL}</arg>
<arg>platformName=${PLATFORM_NAME}</arg>
<arg>platformVersion=${PLATFORM_VERSION}</arg>
<arg>deviceName=${DEVICE_NAME}</arg>
<arg>automationName=UiAutomator2</arg>
<arg>appActivity=${APP_ACTIVITY}</arg>
<arg>appPackage=${APP_PACKAGE}</arg>
</arguments>
<status status="PASS" starttime="20210407 10:24:10.528" endtime="20210407 10:24:16.560"></status>
</kw>
<kw name="Wait Until Saucedemo Image Show">
<kw name="Wait Until Element Is Visible" library="AppiumLibrary">
<doc>Waits until element specified with `locator` is visible.</doc>
<arguments>
<arg>//android.view.ViewGroup/android.widget.ImageView[@index='0']</arg>
</arguments>
<status status="PASS" starttime="20210407 10:24:16.561" endtime="20210407 10:24:18.164"></status>
</kw>
<status status="PASS" starttime="20210407 10:24:16.560" endtime="20210407 10:24:18.164"></status>
</kw>
<status status="PASS" starttime="20210407 10:24:10.527" endtime="20210407 10:24:18.164"></status>
</kw>
<kw name="Run Keyword And Continue On Failure" library="BuiltIn">
<doc>Runs the keyword and continues execution even if a failure occurs.</doc>
<arguments>
<arg>Login Template</arg>
<arg>${data["users"][${i}]["username"]}</arg>
<arg>${data["users"][${i}]["password"]}</arg>
<arg>${data["users"][${i}]["error"]}</arg>
</arguments>
<kw name="Login Template">
<arguments>
<arg>${data["users"][${i}]["username"]}</arg>
<arg>${data["users"][${i}]["password"]}</arg>
<arg>${data["users"][${i}]["error"]}</arg>
</arguments>
<kw name="Input Username" library="001_resource">
<arguments>
<arg>${username}</arg>
</arguments>
<kw name="Input Text" library="AppiumLibrary">
<doc>Types the given `text` into text field identified by `locator`.</doc>
<arguments>
<arg>${txt_username}</arg>
<arg>${username}</arg>
</arguments>
<msg timestamp="20210407 10:24:18.167" level="INFO">Typing text '' into text field '//android.widget.EditText[@text='Username']'</msg>
<status status="PASS" starttime="20210407 10:24:18.166" endtime="20210407 10:24:18.730"></status>
</kw>
<status status="PASS" starttime="20210407 10:24:18.166" endtime="20210407 10:24:18.730"></status>
</kw>
<kw name="Input Password" library="001_resource">
<arguments>
<arg>${password}</arg>
</arguments>
<kw name="Input Text" library="AppiumLibrary">
<doc>Types the given `text` into text field identified by `locator`.</doc>
<arguments>
<arg>${txt_password}</arg>
<arg>${password}</arg>
</arguments>
<msg timestamp="20210407 10:24:18.733" level="INFO">Typing text 'secret_sauce' into text field '//android.widget.EditText[@text='Password']'</msg>
<status status="PASS" starttime="20210407 10:24:18.731" endtime="20210407 10:24:19.800"></status>
</kw>
<status status="PASS" starttime="20210407 10:24:18.730" endtime="20210407 10:24:19.800"></status>
</kw>
<kw name="Click Login Button" library="001_resource">
<kw name="Click Element" library="AppiumLibrary">
<doc>Click element identified by `locator`.</doc>
<arguments>
<arg>${btn_login}</arg>
</arguments>
<msg timestamp="20210407 10:24:19.804" level="INFO">Clicking element '//android.view.ViewGroup[@content-desc='test-LOGIN']'.</msg>
<status status="PASS" starttime="20210407 10:24:19.800" endtime="20210407 10:24:20.364"></status>
</kw>
<status status="PASS" starttime="20210407 10:24:19.800" endtime="20210407 10:24:20.364"></status>
</kw>
<kw name="Login Should Fail">
<arguments>
<arg>${error}</arg>
</arguments>
<kw name="Wait Until Element Is Visible" library="AppiumLibrary">
<doc>Waits until element specified with `locator` is visible.</doc>
<arguments>
<arg>//android.view.ViewGroup[@content-desc="test-Error message"]</arg>
</arguments>
<status status="PASS" starttime="20210407 10:24:20.365" endtime="20210407 10:24:21.052"></status>
</kw>
<kw name="Get Text" library="AppiumLibrary">
<doc>Get element text (for hybrid and mobile browser use `xpath` locator, others might cause problem)</doc>
<arguments>
<arg>//android.view.ViewGroup[@content-desc="test-Error message"]/android.widget.TextView[@index='0']</arg>
</arguments>
<assign>
<var>${text}</var>
</assign>
<msg timestamp="20210407 10:24:21.113" level="INFO">Element '//android.view.ViewGroup[@content-desc="test-Error message"]/android.widget.TextView[@index='0']' text is 'Username is required' </msg>
<msg timestamp="20210407 10:24:21.113" level="INFO">${text} = Username is required</msg>
<status status="PASS" starttime="20210407 10:24:21.052" endtime="20210407 10:24:21.113"></status>
</kw>
<kw name="Should Be Equal" library="BuiltIn">
<doc>Fails if the given objects are unequal.</doc>
<arguments>
<arg>${msg}</arg>
<arg>${text}</arg>
</arguments>
<status status="PASS" starttime="20210407 10:24:21.113" endtime="20210407 10:24:21.113"></status>
</kw>
<status status="PASS" starttime="20210407 10:24:20.364" endtime="20210407 10:24:21.114"></status>
</kw>
<status status="PASS" starttime="20210407 10:24:18.165" endtime="20210407 10:24:21.114"></status>
</kw>
<status status="PASS" starttime="20210407 10:24:18.165" endtime="20210407 10:24:21.114"></status>
</kw>
<kw name="Close Application" library="AppiumLibrary">
<doc>Closes the current application and also close webdriver session.</doc>
<status status="PASS" starttime="20210407 10:24:21.114" endtime="20210407 10:24:21.471"></status>
</kw>
<status status="PASS" starttime="20210407 10:24:10.527" endtime="20210407 10:24:21.471"></status>
</kw>
<status status="PASS" starttime="20210407 10:23:48.154" endtime="20210407 10:24:21.471"></status>
</kw>
<status status="PASS" starttime="20210407 10:23:48.153" endtime="20210407 10:24:21.472" critical="yes"></status>
</test>
<doc>Test and verify if login is invalid &amp; fetch data from json file</doc>
<status status="PASS" starttime="20210407 10:23:48.008" endtime="20210407 10:24:21.472"></status>
</suite>
<suite id="s1-s3" name="004 Invalid Login Db" source="C:\Internship\AutomationTesting\Saucedemo-Mobile\Testing_Saucedemo_M\004_invalid_login_db.robot">
<kw name="Run Keywords" library="BuiltIn" type="setup">
<doc>Executes all the given keywords in a sequence.</doc>
<arguments>
<arg>Connect To Database</arg>
<arg>pymysql</arg>
<arg>${db_name}</arg>
<arg>${db_user}</arg>
<arg>${db_pasword}</arg>
<arg>${db_host}</arg>
<arg>${db_port}</arg>
<arg>AND</arg>
<arg>Fetch Data</arg>
<arg>AND</arg>
<arg>Row Count In Users Table</arg>
</arguments>
<kw name="Connect To Database" library="DatabaseLibrary">
<doc>Loads the DB API 2.0 module given `dbapiModuleName` then uses it to
connect to the database using `dbName`, `dbUsername`, and `dbPassword`.</doc>
<arguments>
<arg>pymysql</arg>
<arg>${db_name}</arg>
<arg>${db_user}</arg>
<arg>${db_pasword}</arg>
<arg>${db_host}</arg>
<arg>${db_port}</arg>
</arguments>
<msg timestamp="20210407 10:24:21.537" level="INFO">Connecting using : pymysql.connect(db=db_test, user=root, passwd=, host=127.0.0.1, port=3306, charset=None) </msg>
<msg timestamp="20210407 10:24:23.590" level="FAIL">OperationalError: (2003, "Can't connect to MySQL server on '127.0.0.1' ([WinError 10061] No connection could be made because the target machine actively refused it)")</msg>
<status status="FAIL" starttime="20210407 10:24:21.493" endtime="20210407 10:24:23.590"></status>
</kw>
<status status="FAIL" starttime="20210407 10:24:21.492" endtime="20210407 10:24:23.590"></status>
</kw>
<test id="s1-s3-t1" name="Check Login For Invalid Crendential Through Database">
<status status="FAIL" starttime="20210407 10:24:23.590" endtime="20210407 10:24:23.591" critical="yes">Parent suite setup failed:
OperationalError: (2003, "Can't connect to MySQL server on '127.0.0.1' ([WinError 10061] No connection could be made because the target machine actively refused it)")</status>
</test>
<kw name="Disconnect From Database" library="DatabaseLibrary" type="teardown">
<doc>Disconnects from the database.</doc>
<msg timestamp="20210407 10:24:23.591" level="INFO">Executing : Disconnect From Database</msg>
<msg timestamp="20210407 10:24:23.592" level="FAIL">AttributeError: 'NoneType' object has no attribute 'close'</msg>
<status status="FAIL" starttime="20210407 10:24:23.591" endtime="20210407 10:24:23.592">AttributeError: 'NoneType' object has no attribute 'close'</status>
</kw>
<doc>Test and verify if login is invalid &amp; fetch data from database</doc>
<status status="FAIL" starttime="20210407 10:24:21.473" endtime="20210407 10:24:23.592">Suite setup failed:
OperationalError: (2003, "Can't connect to MySQL server on '127.0.0.1' ([WinError 10061] No connection could be made because the target machine actively refused it)")

Also suite teardown failed:
AttributeError: 'NoneType' object has no attribute 'close'</status>
</suite>
<suite id="s1-s4" name="005 Valid Login" source="C:\Internship\AutomationTesting\Saucedemo-Mobile\Testing_Saucedemo_M\005_valid_login.robot">
<kw name="Open Saucedemo Application" library="001_resource" type="setup">
<kw name="Open Application" library="AppiumLibrary">
<doc>Opens a new application to given Appium server.
Capabilities of appium server, Android and iOS,
Please check https://github.com/appium/appium/blob/master/docs/en/writing-running-appium/server-args.md
| *Option*            | *Man.* | *Description*     |
| remote_url          | Yes    | Appium server url |
| alias               | no     | alias             |</doc>
<arguments>
<arg>${REMOTE_URL}</arg>
<arg>platformName=${PLATFORM_NAME}</arg>
<arg>platformVersion=${PLATFORM_VERSION}</arg>
<arg>deviceName=${DEVICE_NAME}</arg>
<arg>automationName=UiAutomator2</arg>
<arg>appActivity=${APP_ACTIVITY}</arg>
<arg>appPackage=${APP_PACKAGE}</arg>
</arguments>
<status status="PASS" starttime="20210407 10:24:23.598" endtime="20210407 10:24:29.817"></status>
</kw>
<kw name="Wait Until Saucedemo Image Show" library="001_resource">
<kw name="Wait Until Element Is Visible" library="AppiumLibrary">
<doc>Waits until element specified with `locator` is visible.</doc>
<arguments>
<arg>${element_image_saucedemo}</arg>
</arguments>
<status status="PASS" starttime="20210407 10:24:29.818" endtime="20210407 10:24:31.365"></status>
</kw>
<status status="PASS" starttime="20210407 10:24:29.818" endtime="20210407 10:24:31.365"></status>
</kw>
<status status="PASS" starttime="20210407 10:24:23.597" endtime="20210407 10:24:31.365"></status>
</kw>
<test id="s1-s4-t1" name="Input Valid Crendential">
<kw name="Input Username" library="001_resource">
<arguments>
<arg>${VALID_USERNAME}</arg>
</arguments>
<kw name="Input Text" library="AppiumLibrary">
<doc>Types the given `text` into text field identified by `locator`.</doc>
<arguments>
<arg>${txt_username}</arg>
<arg>${username}</arg>
</arguments>
<msg timestamp="20210407 10:24:31.368" level="INFO">Typing text 'standard_user' into text field '//android.widget.EditText[@text='Username']'</msg>
<status status="PASS" starttime="20210407 10:24:31.367" endtime="20210407 10:24:31.945"></status>
</kw>
<status status="PASS" starttime="20210407 10:24:31.366" endtime="20210407 10:24:31.945"></status>
</kw>
<kw name="Input Password" library="001_resource">
<arguments>
<arg>${VALID_PASSWORD}</arg>
</arguments>
<kw name="Input Text" library="AppiumLibrary">
<doc>Types the given `text` into text field identified by `locator`.</doc>
<arguments>
<arg>${txt_password}</arg>
<arg>${password}</arg>
</arguments>
<msg timestamp="20210407 10:24:31.949" level="INFO">Typing text 'secret_sauce' into text field '//android.widget.EditText[@text='Password']'</msg>
<status status="PASS" starttime="20210407 10:24:31.946" endtime="20210407 10:24:33.036"></status>
</kw>
<status status="PASS" starttime="20210407 10:24:31.946" endtime="20210407 10:24:33.036"></status>
</kw>
<kw name="Click Login Button" library="001_resource">
<kw name="Click Element" library="AppiumLibrary">
<doc>Click element identified by `locator`.</doc>
<arguments>
<arg>${btn_login}</arg>
</arguments>
<msg timestamp="20210407 10:24:33.038" level="INFO">Clicking element '//android.view.ViewGroup[@content-desc='test-LOGIN']'.</msg>
<status status="PASS" starttime="20210407 10:24:33.037" endtime="20210407 10:24:33.601"></status>
</kw>
<status status="PASS" starttime="20210407 10:24:33.036" endtime="20210407 10:24:33.601"></status>
</kw>
<kw name="Login Should Success">
<kw name="Wait Until Element Is Visible" library="AppiumLibrary">
<doc>Waits until element specified with `locator` is visible.</doc>
<arguments>
<arg>${txt_title}</arg>
</arguments>
<status status="PASS" starttime="20210407 10:24:33.601" endtime="20210407 10:24:34.941"></status>
</kw>
<kw name="Get Text" library="AppiumLibrary">
<doc>Get element text (for hybrid and mobile browser use `xpath` locator, others might cause problem)</doc>
<arguments>
<arg>${txt_title}</arg>
</arguments>
<assign>
<var>${text}</var>
</assign>
<msg timestamp="20210407 10:24:35.039" level="INFO">Element '//android.view.ViewGroup[@content-desc='test-Cart drop zone']/android.view.ViewGroup/android.widget.TextView[@index='0']' text is 'PRODUCTS' </msg>
<msg timestamp="20210407 10:24:35.039" level="INFO">${text} = PRODUCTS</msg>
<status status="PASS" starttime="20210407 10:24:34.942" endtime="20210407 10:24:35.039"></status>
</kw>
<kw name="Should Be Equal" library="BuiltIn">
<doc>Fails if the given objects are unequal.</doc>
<arguments>
<arg>${text}</arg>
<arg>PRODUCTS</arg>
</arguments>
<status status="PASS" starttime="20210407 10:24:35.039" endtime="20210407 10:24:35.040"></status>
</kw>
<status status="PASS" starttime="20210407 10:24:33.601" endtime="20210407 10:24:35.040"></status>
</kw>
<status status="PASS" starttime="20210407 10:24:31.365" endtime="20210407 10:24:35.040" critical="yes"></status>
</test>
<status status="PASS" starttime="20210407 10:24:23.593" endtime="20210407 10:24:35.040"></status>
</suite>
<suite id="s1-s5" name="006 Order Item" source="C:\Internship\AutomationTesting\Saucedemo-Mobile\Testing_Saucedemo_M\006_order_item.robot">
<test id="s1-s5-t1" name="Order The Expensive Item">
<kw name="Click Filter">
<kw name="Click Element" library="AppiumLibrary">
<doc>Click element identified by `locator`.</doc>
<arguments>
<arg>${iv_filter}</arg>
</arguments>
<msg timestamp="20210407 10:24:35.049" level="INFO">Clicking element '//android.view.ViewGroup[@content-desc='test-Modal Selector Button']/android.view.ViewGroup/android.view.ViewGroup/android.widget.ImageView'.</msg>
<status status="PASS" starttime="20210407 10:24:35.047" endtime="20210407 10:24:35.131"></status>
</kw>
<status status="PASS" starttime="20210407 10:24:35.047" endtime="20210407 10:24:35.131"></status>
</kw>
<kw name="Click Price (high to low)">
<kw name="Wait Until Element Is Visible" library="AppiumLibrary">
<doc>Waits until element specified with `locator` is visible.</doc>
<arguments>
<arg>${vg_high_to_low}</arg>
</arguments>
<status status="PASS" starttime="20210407 10:24:35.131" endtime="20210407 10:24:35.817"></status>
</kw>
<kw name="Click Element" library="AppiumLibrary">
<doc>Click element identified by `locator`.</doc>
<arguments>
<arg>${vg_high_to_low}</arg>
</arguments>
<msg timestamp="20210407 10:24:35.819" level="INFO">Clicking element '//android.widget.ScrollView[@content-desc='Selector container']/android.view.ViewGroup/android.view.ViewGroup[@index='4']'.</msg>
<status status="PASS" starttime="20210407 10:24:35.817" endtime="20210407 10:24:35.864"></status>
</kw>
<status status="PASS" starttime="20210407 10:24:35.131" endtime="20210407 10:24:35.864"></status>
</kw>
<kw name="Click Add To Cart">
<kw name="Wait Until Element Is Visible" library="AppiumLibrary">
<doc>Waits until element specified with `locator` is visible.</doc>
<arguments>
<arg>${vg_add_to_cart}</arg>
</arguments>
<status status="PASS" starttime="20210407 10:24:35.864" endtime="20210407 10:24:36.716"></status>
</kw>
<kw name="Click Element" library="AppiumLibrary">
<doc>Click element identified by `locator`.</doc>
<arguments>
<arg>${vg_add_to_cart}</arg>
</arguments>
<msg timestamp="20210407 10:24:36.718" level="INFO">Clicking element '//android.view.ViewGroup[@content-desc='test-Item' and @index='0']/android.view.ViewGroup/android.view.ViewGroup[@content-desc='test-ADD TO CART']'.</msg>
<status status="PASS" starttime="20210407 10:24:36.716" endtime="20210407 10:24:36.808"></status>
</kw>
<status status="PASS" starttime="20210407 10:24:35.864" endtime="20210407 10:24:36.808"></status>
</kw>
<kw name="Click Cart">
<kw name="Click Element" library="AppiumLibrary">
<doc>Click element identified by `locator`.</doc>
<arguments>
<arg>${btn_cart}</arg>
</arguments>
<msg timestamp="20210407 10:24:36.810" level="INFO">Clicking element '//android.view.ViewGroup[@content-desc='test-Cart']/android.view.ViewGroup/android.widget.ImageView'.</msg>
<status status="PASS" starttime="20210407 10:24:36.808" endtime="20210407 10:24:37.479"></status>
</kw>
<status status="PASS" starttime="20210407 10:24:36.808" endtime="20210407 10:24:37.479"></status>
</kw>
<kw name="Click Checkout">
<kw name="Wait Until Element Is Visible" library="AppiumLibrary">
<doc>Waits until element specified with `locator` is visible.</doc>
<arguments>
<arg>${txt_title_yourcart}</arg>
</arguments>
<status status="PASS" starttime="20210407 10:24:37.479" endtime="20210407 10:24:38.862"></status>
</kw>
<kw name="Swipe By Percent" library="AppiumLibrary">
<doc>Swipe from one percent of the screen to another percent, for an optional duration.
Normal swipe fails to scale for different screen resolutions, this can be avoided using percent.</doc>
<arguments>
<arg>50</arg>
<arg>90</arg>
<arg>50</arg>
<arg>35</arg>
</arguments>
<status status="PASS" starttime="20210407 10:24:38.862" endtime="20210407 10:24:40.235"></status>
</kw>
<kw name="Wait Until Element Is Visible" library="AppiumLibrary">
<doc>Waits until element specified with `locator` is visible.</doc>
<arguments>
<arg>${btn_checkout}</arg>
</arguments>
<status status="PASS" starttime="20210407 10:24:40.236" endtime="20210407 10:24:40.617"></status>
</kw>
<kw name="Click Element" library="AppiumLibrary">
<doc>Click element identified by `locator`.</doc>
<arguments>
<arg>${btn_checkout}</arg>
</arguments>
<msg timestamp="20210407 10:24:40.619" level="INFO">Clicking element '//android.widget.ScrollView/android.view.ViewGroup/android.view.ViewGroup[@content-desc='test-CHECKOUT']'.</msg>
<status status="PASS" starttime="20210407 10:24:40.617" endtime="20210407 10:24:40.692"></status>
</kw>
<status status="PASS" starttime="20210407 10:24:37.479" endtime="20210407 10:24:40.692"></status>
</kw>
<kw name="Wait Until Element Is Visible" library="AppiumLibrary">
<doc>Waits until element specified with `locator` is visible.</doc>
<arguments>
<arg>${txt_firstname}</arg>
</arguments>
<status status="PASS" starttime="20210407 10:24:40.693" endtime="20210407 10:24:42.057"></status>
</kw>
<kw name="Input Valid Information">
<arguments>
<arg>stepen</arg>
<arg>sanjaya</arg>
<arg>11111</arg>
</arguments>
<kw name="Input Text" library="AppiumLibrary">
<doc>Types the given `text` into text field identified by `locator`.</doc>
<arguments>
<arg>${txt_firstname}</arg>
<arg>${firstname}</arg>
</arguments>
<msg timestamp="20210407 10:24:42.062" level="INFO">Typing text 'stepen' into text field '//android.widget.ScrollView/android.view.ViewGroup/android.view.ViewGroup/android.widget.EditText[@text='First Name']'</msg>
<status status="PASS" starttime="20210407 10:24:42.058" endtime="20210407 10:24:42.656"></status>
</kw>
<kw name="Input Text" library="AppiumLibrary">
<doc>Types the given `text` into text field identified by `locator`.</doc>
<arguments>
<arg>${txt_lastname}</arg>
<arg>${lastname}</arg>
</arguments>
<msg timestamp="20210407 10:24:42.658" level="INFO">Typing text 'sanjaya' into text field '//android.widget.ScrollView/android.view.ViewGroup/android.view.ViewGroup/android.widget.EditText[@text='Last Name']'</msg>
<status status="PASS" starttime="20210407 10:24:42.656" endtime="20210407 10:24:43.683"></status>
</kw>
<kw name="Input Text" library="AppiumLibrary">
<doc>Types the given `text` into text field identified by `locator`.</doc>
<arguments>
<arg>${txt_postalcode}</arg>
<arg>${postalcode}</arg>
</arguments>
<msg timestamp="20210407 10:24:43.686" level="INFO">Typing text '11111' into text field '//android.widget.ScrollView/android.view.ViewGroup/android.view.ViewGroup/android.widget.EditText[@text='Zip/Postal Code']'</msg>
<status status="PASS" starttime="20210407 10:24:43.684" endtime="20210407 10:24:44.746"></status>
</kw>
<status status="PASS" starttime="20210407 10:24:42.057" endtime="20210407 10:24:44.747"></status>
</kw>
<kw name="Click Continue">
<kw name="Click Element" library="AppiumLibrary">
<doc>Click element identified by `locator`.</doc>
<arguments>
<arg>${btn_continue}</arg>
</arguments>
<msg timestamp="20210407 10:24:44.749" level="INFO">Clicking element '//android.widget.ScrollView[@content-desc='test-Checkout: Your Info']/android.view.ViewGroup/android.view.ViewGroup[@index='8']'.</msg>
<status status="PASS" starttime="20210407 10:24:44.747" endtime="20210407 10:24:45.266"></status>
</kw>
<status status="PASS" starttime="20210407 10:24:44.747" endtime="20210407 10:24:45.266"></status>
</kw>
<kw name="Click Finish">
<kw name="Wait Until Element Is Visible" library="AppiumLibrary">
<doc>Waits until element specified with `locator` is visible.</doc>
<arguments>
<arg>${txt_checkout_overview}</arg>
</arguments>
<status status="PASS" starttime="20210407 10:24:45.267" endtime="20210407 10:24:46.634"></status>
</kw>
<kw name="Swipe By Percent" library="AppiumLibrary">
<doc>Swipe from one percent of the screen to another percent, for an optional duration.
Normal swipe fails to scale for different screen resolutions, this can be avoided using percent.</doc>
<arguments>
<arg>50</arg>
<arg>90</arg>
<arg>50</arg>
<arg>30</arg>
</arguments>
<status status="PASS" starttime="20210407 10:24:46.634" endtime="20210407 10:24:47.920"></status>
</kw>
<kw name="Wait Until Element Is Visible" library="AppiumLibrary">
<doc>Waits until element specified with `locator` is visible.</doc>
<arguments>
<arg>${btn_finish}</arg>
</arguments>
<status status="PASS" starttime="20210407 10:24:47.921" endtime="20210407 10:24:48.289"></status>
</kw>
<kw name="Click Element" library="AppiumLibrary">
<doc>Click element identified by `locator`.</doc>
<arguments>
<arg>${btn_finish}</arg>
</arguments>
<msg timestamp="20210407 10:24:48.291" level="INFO">Clicking element '//android.widget.ScrollView/android.view.ViewGroup/android.view.ViewGroup[@index='14']'.</msg>
<status status="PASS" starttime="20210407 10:24:48.289" endtime="20210407 10:24:48.374"></status>
</kw>
<kw name="Checkout should be success">
<kw name="Wait Until Element Is Visible" library="AppiumLibrary">
<doc>Waits until element specified with `locator` is visible.</doc>
<arguments>
<arg>${txt_checkout_complete}</arg>
</arguments>
<status status="PASS" starttime="20210407 10:24:48.374" endtime="20210407 10:24:49.731"></status>
</kw>
<kw name="Get Text" library="AppiumLibrary">
<doc>Get element text (for hybrid and mobile browser use `xpath` locator, others might cause problem)</doc>
<arguments>
<arg>${txt_checkout_complete}</arg>
</arguments>
<assign>
<var>${text}</var>
</assign>
<msg timestamp="20210407 10:24:49.779" level="INFO">Element '//android.view.ViewGroup/android.view.ViewGroup[@index='1']/android.widget.TextView[@text='CHECKOUT: COMPLETE!']' text is 'CHECKOUT: COMPLETE!' </msg>
<msg timestamp="20210407 10:24:49.779" level="INFO">${text} = CHECKOUT: COMPLETE!</msg>
<status status="PASS" starttime="20210407 10:24:49.731" endtime="20210407 10:24:49.779"></status>
</kw>
<kw name="Should Be Equal" library="BuiltIn">
<doc>Fails if the given objects are unequal.</doc>
<arguments>
<arg>${text}</arg>
<arg>CHECKOUT: COMPLETE!</arg>
</arguments>
<status status="PASS" starttime="20210407 10:24:49.779" endtime="20210407 10:24:49.780"></status>
</kw>
<status status="PASS" starttime="20210407 10:24:48.374" endtime="20210407 10:24:49.780"></status>
</kw>
<status status="PASS" starttime="20210407 10:24:45.266" endtime="20210407 10:24:49.780"></status>
</kw>
<kw name="Close Application" library="AppiumLibrary">
<doc>Closes the current application and also close webdriver session.</doc>
<status status="PASS" starttime="20210407 10:24:49.780" endtime="20210407 10:24:50.222"></status>
</kw>
<status status="PASS" starttime="20210407 10:24:35.047" endtime="20210407 10:24:50.222" critical="yes"></status>
</test>
<status status="PASS" starttime="20210407 10:24:35.041" endtime="20210407 10:24:50.223"></status>
</suite>
<status status="FAIL" starttime="20210407 10:23:13.346" endtime="20210407 10:24:50.225"></status>
</suite>
<statistics>
<total>
<stat pass="6" fail="1">Critical Tests</stat>
<stat pass="6" fail="1">All Tests</stat>
</total>
<tag>
</tag>
<suite>
<stat pass="6" fail="1" id="s1" name="Testing Saucedemo M">Testing Saucedemo M</stat>
<stat pass="3" fail="0" id="s1-s1" name="002 Invalid Login">Testing Saucedemo M.002 Invalid Login</stat>
<stat pass="1" fail="0" id="s1-s2" name="003 Invalid Login Json">Testing Saucedemo M.003 Invalid Login Json</stat>
<stat pass="0" fail="1" id="s1-s3" name="004 Invalid Login Db">Testing Saucedemo M.004 Invalid Login Db</stat>
<stat pass="1" fail="0" id="s1-s4" name="005 Valid Login">Testing Saucedemo M.005 Valid Login</stat>
<stat pass="1" fail="0" id="s1-s5" name="006 Order Item">Testing Saucedemo M.006 Order Item</stat>
</suite>
</statistics>
<errors>
<msg timestamp="20210407 10:23:25.644" level="WARN">Multiple test cases with name 'Check Login For Invalid Crendential' executed in test suite 'Testing Saucedemo M.002 Invalid Login'.</msg>
<msg timestamp="20210407 10:23:36.846" level="WARN">Multiple test cases with name 'Check Login For Invalid Crendential' executed in test suite 'Testing Saucedemo M.002 Invalid Login'.</msg>
</errors>
</robot>
