<?xml version="1.0" encoding="UTF-8"?>
<robot generator="Robot 3.2.2 (Python 3.7.6 on win32)" generated="20210406 10:24:30.041" rpa="false">
<suite id="s1" name="testing saucedemo M" source="C:\Internship\AutomationTesting\Saucedemo-Mobile\testing_saucedemo_M">
<suite id="s1-s1" name="002 Invalid Login" source="C:\Internship\AutomationTesting\Saucedemo-Mobile\testing_saucedemo_M\002_invalid_login.robot">
<test id="s1-s1-t1" name="Check Login For Invalid Crendential">
<kw name="Run Keywords" library="BuiltIn" type="setup">
<doc>Executes all the given keywords in a sequence.</doc>
<arguments>
<arg>Open Saucedemo Application</arg>
</arguments>
<kw name="Open Saucedemo Application" library="001_resource">
<kw name="Open Application" library="AppiumLibrary">
<doc>Opens a new application to given Appium server.
Capabilities of appium server, Android and iOS,
Please check https://github.com/appium/appium/blob/master/docs/en/writing-running-appium/server-args.md
| *Option*            | *Man.* | *Description*     |
| remote_url          | Yes    | Appium server url |
| alias               | no     | alias             |</doc>
<arguments>
<arg>${REMOTE_URL}</arg>
<arg>platformName=${PLATFORM_NAME}</arg>
<arg>platformVersion=${PLATFORM_VERSION}</arg>
<arg>deviceName=${DEVICE_NAME}</arg>
<arg>automationName=UiAutomator2</arg>
<arg>appActivity=${APP_ACTIVITY}</arg>
<arg>appPackage=${APP_PACKAGE}</arg>
</arguments>
<status status="PASS" starttime="20210406 10:24:47.703" endtime="20210406 10:25:09.143"></status>
</kw>
<kw name="Wait Until Saucedemo Image Show" library="001_resource">
<kw name="Wait Until Element Is Visible" library="AppiumLibrary">
<doc>Waits until element specified with `locator` is visible.</doc>
<arguments>
<arg>${element_image_saucedemo}</arg>
</arguments>
<status status="PASS" starttime="20210406 10:25:09.143" endtime="20210406 10:25:11.044"></status>
</kw>
<status status="PASS" starttime="20210406 10:25:09.143" endtime="20210406 10:25:11.044"></status>
</kw>
<status status="PASS" starttime="20210406 10:24:47.703" endtime="20210406 10:25:11.045"></status>
</kw>
<status status="PASS" starttime="20210406 10:24:47.703" endtime="20210406 10:25:11.045"></status>
</kw>
<kw name="Login Template">
<arguments>
<arg>locked_out_user</arg>
<arg>${VALID_PASSWORD}</arg>
<arg>Sorry, this user has been locked out.</arg>
</arguments>
<kw name="Input Username" library="001_resource">
<arguments>
<arg>${username}</arg>
</arguments>
<kw name="Input Text" library="AppiumLibrary">
<doc>Types the given `text` into text field identified by `locator`.</doc>
<arguments>
<arg>${txt_username}</arg>
<arg>${username}</arg>
</arguments>
<msg timestamp="20210406 10:25:11.051" level="INFO">Typing text 'locked_out_user' into text field '//android.widget.EditText[@text='Username']'</msg>
<status status="PASS" starttime="20210406 10:25:11.047" endtime="20210406 10:25:11.668"></status>
</kw>
<status status="PASS" starttime="20210406 10:25:11.046" endtime="20210406 10:25:11.669"></status>
</kw>
<kw name="Input Password" library="001_resource">
<arguments>
<arg>${password}</arg>
</arguments>
<kw name="Input Text" library="AppiumLibrary">
<doc>Types the given `text` into text field identified by `locator`.</doc>
<arguments>
<arg>${txt_password}</arg>
<arg>${password}</arg>
</arguments>
<msg timestamp="20210406 10:25:11.674" level="INFO">Typing text 'secret_sauce' into text field '//android.widget.EditText[@text='Password']'</msg>
<status status="PASS" starttime="20210406 10:25:11.670" endtime="20210406 10:25:12.765"></status>
</kw>
<status status="PASS" starttime="20210406 10:25:11.669" endtime="20210406 10:25:12.765"></status>
</kw>
<kw name="Click Login Button" library="001_resource">
<kw name="Click Element" library="AppiumLibrary">
<doc>Click element identified by `locator`.</doc>
<arguments>
<arg>${btn_login}</arg>
</arguments>
<msg timestamp="20210406 10:25:12.772" level="INFO">Clicking element '//android.view.ViewGroup[@content-desc='test-LOGIN']'.</msg>
<status status="PASS" starttime="20210406 10:25:12.766" endtime="20210406 10:25:13.354"></status>
</kw>
<status status="PASS" starttime="20210406 10:25:12.766" endtime="20210406 10:25:13.354"></status>
</kw>
<kw name="Login Should Fail">
<arguments>
<arg>${error}</arg>
</arguments>
<kw name="Wait Until Element Is Visible" library="AppiumLibrary">
<doc>Waits until element specified with `locator` is visible.</doc>
<arguments>
<arg>${element_error_message}</arg>
</arguments>
<status status="PASS" starttime="20210406 10:25:13.356" endtime="20210406 10:25:14.172"></status>
</kw>
<kw name="Get Text" library="AppiumLibrary">
<doc>Get element text (for hybrid and mobile browser use `xpath` locator, others might cause problem)</doc>
<arguments>
<arg>${txt_error_message}</arg>
</arguments>
<assign>
<var>${text}</var>
</assign>
<msg timestamp="20210406 10:25:14.297" level="INFO">Element '//android.view.ViewGroup[@content-desc='test-Error message']/android.widget.TextView[@index='0']' text is 'Sorry, this user has been locked out.' </msg>
<msg timestamp="20210406 10:25:14.297" level="INFO">${text} = Sorry, this user has been locked out.</msg>
<status status="PASS" starttime="20210406 10:25:14.172" endtime="20210406 10:25:14.297"></status>
</kw>
<kw name="Should Be Equal" library="BuiltIn">
<doc>Fails if the given objects are unequal.</doc>
<arguments>
<arg>${msg}</arg>
<arg>${text}</arg>
</arguments>
<status status="PASS" starttime="20210406 10:25:14.298" endtime="20210406 10:25:14.298"></status>
</kw>
<status status="PASS" starttime="20210406 10:25:13.355" endtime="20210406 10:25:14.299"></status>
</kw>
<status status="PASS" starttime="20210406 10:25:11.045" endtime="20210406 10:25:14.299"></status>
</kw>
<kw name="Close Application" library="AppiumLibrary" type="teardown">
<doc>Closes the current application and also close webdriver session.</doc>
<status status="PASS" starttime="20210406 10:25:14.299" endtime="20210406 10:25:15.670"></status>
</kw>
<status status="PASS" starttime="20210406 10:24:47.702" endtime="20210406 10:25:15.670" critical="yes"></status>
</test>
<test id="s1-s1-t2" name="Check Login For Invalid Crendential">
<kw name="Run Keywords" library="BuiltIn" type="setup">
<doc>Executes all the given keywords in a sequence.</doc>
<arguments>
<arg>Open Saucedemo Application</arg>
</arguments>
<kw name="Open Saucedemo Application" library="001_resource">
<kw name="Open Application" library="AppiumLibrary">
<doc>Opens a new application to given Appium server.
Capabilities of appium server, Android and iOS,
Please check https://github.com/appium/appium/blob/master/docs/en/writing-running-appium/server-args.md
| *Option*            | *Man.* | *Description*     |
| remote_url          | Yes    | Appium server url |
| alias               | no     | alias             |</doc>
<arguments>
<arg>${REMOTE_URL}</arg>
<arg>platformName=${PLATFORM_NAME}</arg>
<arg>platformVersion=${PLATFORM_VERSION}</arg>
<arg>deviceName=${DEVICE_NAME}</arg>
<arg>automationName=UiAutomator2</arg>
<arg>appActivity=${APP_ACTIVITY}</arg>
<arg>appPackage=${APP_PACKAGE}</arg>
</arguments>
<status status="PASS" starttime="20210406 10:25:15.674" endtime="20210406 10:25:24.906"></status>
</kw>
<kw name="Wait Until Saucedemo Image Show" library="001_resource">
<kw name="Wait Until Element Is Visible" library="AppiumLibrary">
<doc>Waits until element specified with `locator` is visible.</doc>
<arguments>
<arg>${element_image_saucedemo}</arg>
</arguments>
<status status="PASS" starttime="20210406 10:25:24.907" endtime="20210406 10:25:27.123"></status>
</kw>
<status status="PASS" starttime="20210406 10:25:24.906" endtime="20210406 10:25:27.124"></status>
</kw>
<status status="PASS" starttime="20210406 10:25:15.673" endtime="20210406 10:25:27.124"></status>
</kw>
<status status="PASS" starttime="20210406 10:25:15.673" endtime="20210406 10:25:27.124"></status>
</kw>
<kw name="Login Template">
<arguments>
<arg>${EMPTY}</arg>
<arg>${VALID_PASSWORD}</arg>
<arg>Username is required</arg>
</arguments>
<kw name="Input Username" library="001_resource">
<arguments>
<arg>${username}</arg>
</arguments>
<kw name="Input Text" library="AppiumLibrary">
<doc>Types the given `text` into text field identified by `locator`.</doc>
<arguments>
<arg>${txt_username}</arg>
<arg>${username}</arg>
</arguments>
<msg timestamp="20210406 10:25:27.127" level="INFO">Typing text '' into text field '//android.widget.EditText[@text='Username']'</msg>
<status status="PASS" starttime="20210406 10:25:27.125" endtime="20210406 10:25:27.699"></status>
</kw>
<status status="PASS" starttime="20210406 10:25:27.125" endtime="20210406 10:25:27.700"></status>
</kw>
<kw name="Input Password" library="001_resource">
<arguments>
<arg>${password}</arg>
</arguments>
<kw name="Input Text" library="AppiumLibrary">
<doc>Types the given `text` into text field identified by `locator`.</doc>
<arguments>
<arg>${txt_password}</arg>
<arg>${password}</arg>
</arguments>
<msg timestamp="20210406 10:25:27.703" level="INFO">Typing text 'secret_sauce' into text field '//android.widget.EditText[@text='Password']'</msg>
<status status="PASS" starttime="20210406 10:25:27.700" endtime="20210406 10:25:28.751"></status>
</kw>
<status status="PASS" starttime="20210406 10:25:27.700" endtime="20210406 10:25:28.751"></status>
</kw>
<kw name="Click Login Button" library="001_resource">
<kw name="Click Element" library="AppiumLibrary">
<doc>Click element identified by `locator`.</doc>
<arguments>
<arg>${btn_login}</arg>
</arguments>
<msg timestamp="20210406 10:25:28.754" level="INFO">Clicking element '//android.view.ViewGroup[@content-desc='test-LOGIN']'.</msg>
<status status="PASS" starttime="20210406 10:25:28.752" endtime="20210406 10:25:29.310"></status>
</kw>
<status status="PASS" starttime="20210406 10:25:28.751" endtime="20210406 10:25:29.310"></status>
</kw>
<kw name="Login Should Fail">
<arguments>
<arg>${error}</arg>
</arguments>
<kw name="Wait Until Element Is Visible" library="AppiumLibrary">
<doc>Waits until element specified with `locator` is visible.</doc>
<arguments>
<arg>${element_error_message}</arg>
</arguments>
<status status="PASS" starttime="20210406 10:25:29.310" endtime="20210406 10:25:30.021"></status>
</kw>
<kw name="Get Text" library="AppiumLibrary">
<doc>Get element text (for hybrid and mobile browser use `xpath` locator, others might cause problem)</doc>
<arguments>
<arg>${txt_error_message}</arg>
</arguments>
<assign>
<var>${text}</var>
</assign>
<msg timestamp="20210406 10:25:30.087" level="INFO">Element '//android.view.ViewGroup[@content-desc='test-Error message']/android.widget.TextView[@index='0']' text is 'Username is required' </msg>
<msg timestamp="20210406 10:25:30.087" level="INFO">${text} = Username is required</msg>
<status status="PASS" starttime="20210406 10:25:30.021" endtime="20210406 10:25:30.088"></status>
</kw>
<kw name="Should Be Equal" library="BuiltIn">
<doc>Fails if the given objects are unequal.</doc>
<arguments>
<arg>${msg}</arg>
<arg>${text}</arg>
</arguments>
<status status="PASS" starttime="20210406 10:25:30.088" endtime="20210406 10:25:30.088"></status>
</kw>
<status status="PASS" starttime="20210406 10:25:29.310" endtime="20210406 10:25:30.088"></status>
</kw>
<status status="PASS" starttime="20210406 10:25:27.124" endtime="20210406 10:25:30.088"></status>
</kw>
<kw name="Close Application" library="AppiumLibrary" type="teardown">
<doc>Closes the current application and also close webdriver session.</doc>
<status status="PASS" starttime="20210406 10:25:30.089" endtime="20210406 10:25:30.509"></status>
</kw>
<status status="PASS" starttime="20210406 10:25:15.672" endtime="20210406 10:25:30.509" critical="yes"></status>
</test>
<test id="s1-s1-t3" name="Check Login For Invalid Crendential">
<kw name="Run Keywords" library="BuiltIn" type="setup">
<doc>Executes all the given keywords in a sequence.</doc>
<arguments>
<arg>Open Saucedemo Application</arg>
</arguments>
<kw name="Open Saucedemo Application" library="001_resource">
<kw name="Open Application" library="AppiumLibrary">
<doc>Opens a new application to given Appium server.
Capabilities of appium server, Android and iOS,
Please check https://github.com/appium/appium/blob/master/docs/en/writing-running-appium/server-args.md
| *Option*            | *Man.* | *Description*     |
| remote_url          | Yes    | Appium server url |
| alias               | no     | alias             |</doc>
<arguments>
<arg>${REMOTE_URL}</arg>
<arg>platformName=${PLATFORM_NAME}</arg>
<arg>platformVersion=${PLATFORM_VERSION}</arg>
<arg>deviceName=${DEVICE_NAME}</arg>
<arg>automationName=UiAutomator2</arg>
<arg>appActivity=${APP_ACTIVITY}</arg>
<arg>appPackage=${APP_PACKAGE}</arg>
</arguments>
<status status="PASS" starttime="20210406 10:25:30.513" endtime="20210406 10:25:38.405"></status>
</kw>
<kw name="Wait Until Saucedemo Image Show" library="001_resource">
<kw name="Wait Until Element Is Visible" library="AppiumLibrary">
<doc>Waits until element specified with `locator` is visible.</doc>
<arguments>
<arg>${element_image_saucedemo}</arg>
</arguments>
<status status="PASS" starttime="20210406 10:25:38.406" endtime="20210406 10:25:40.547"></status>
</kw>
<status status="PASS" starttime="20210406 10:25:38.405" endtime="20210406 10:25:40.547"></status>
</kw>
<status status="PASS" starttime="20210406 10:25:30.512" endtime="20210406 10:25:40.547"></status>
</kw>
<status status="PASS" starttime="20210406 10:25:30.512" endtime="20210406 10:25:40.548"></status>
</kw>
<kw name="Login Template">
<arguments>
<arg>${VALID_USERNAME}</arg>
<arg>${EMPTY}</arg>
<arg>Password is required</arg>
</arguments>
<kw name="Input Username" library="001_resource">
<arguments>
<arg>${username}</arg>
</arguments>
<kw name="Input Text" library="AppiumLibrary">
<doc>Types the given `text` into text field identified by `locator`.</doc>
<arguments>
<arg>${txt_username}</arg>
<arg>${username}</arg>
</arguments>
<msg timestamp="20210406 10:25:40.551" level="INFO">Typing text 'standard_user' into text field '//android.widget.EditText[@text='Username']'</msg>
<status status="PASS" starttime="20210406 10:25:40.549" endtime="20210406 10:25:41.138"></status>
</kw>
<status status="PASS" starttime="20210406 10:25:40.549" endtime="20210406 10:25:41.139"></status>
</kw>
<kw name="Input Password" library="001_resource">
<arguments>
<arg>${password}</arg>
</arguments>
<kw name="Input Text" library="AppiumLibrary">
<doc>Types the given `text` into text field identified by `locator`.</doc>
<arguments>
<arg>${txt_password}</arg>
<arg>${password}</arg>
</arguments>
<msg timestamp="20210406 10:25:41.143" level="INFO">Typing text '' into text field '//android.widget.EditText[@text='Password']'</msg>
<status status="PASS" starttime="20210406 10:25:41.140" endtime="20210406 10:25:42.191"></status>
</kw>
<status status="PASS" starttime="20210406 10:25:41.139" endtime="20210406 10:25:42.191"></status>
</kw>
<kw name="Click Login Button" library="001_resource">
<kw name="Click Element" library="AppiumLibrary">
<doc>Click element identified by `locator`.</doc>
<arguments>
<arg>${btn_login}</arg>
</arguments>
<msg timestamp="20210406 10:25:42.194" level="INFO">Clicking element '//android.view.ViewGroup[@content-desc='test-LOGIN']'.</msg>
<status status="PASS" starttime="20210406 10:25:42.192" endtime="20210406 10:25:42.740"></status>
</kw>
<status status="PASS" starttime="20210406 10:25:42.191" endtime="20210406 10:25:42.740"></status>
</kw>
<kw name="Login Should Fail">
<arguments>
<arg>${error}</arg>
</arguments>
<kw name="Wait Until Element Is Visible" library="AppiumLibrary">
<doc>Waits until element specified with `locator` is visible.</doc>
<arguments>
<arg>${element_error_message}</arg>
</arguments>
<status status="PASS" starttime="20210406 10:25:42.741" endtime="20210406 10:25:43.432"></status>
</kw>
<kw name="Get Text" library="AppiumLibrary">
<doc>Get element text (for hybrid and mobile browser use `xpath` locator, others might cause problem)</doc>
<arguments>
<arg>${txt_error_message}</arg>
</arguments>
<assign>
<var>${text}</var>
</assign>
<msg timestamp="20210406 10:25:43.505" level="INFO">Element '//android.view.ViewGroup[@content-desc='test-Error message']/android.widget.TextView[@index='0']' text is 'Password is required' </msg>
<msg timestamp="20210406 10:25:43.505" level="INFO">${text} = Password is required</msg>
<status status="PASS" starttime="20210406 10:25:43.432" endtime="20210406 10:25:43.505"></status>
</kw>
<kw name="Should Be Equal" library="BuiltIn">
<doc>Fails if the given objects are unequal.</doc>
<arguments>
<arg>${msg}</arg>
<arg>${text}</arg>
</arguments>
<status status="PASS" starttime="20210406 10:25:43.505" endtime="20210406 10:25:43.506"></status>
</kw>
<status status="PASS" starttime="20210406 10:25:42.740" endtime="20210406 10:25:43.506"></status>
</kw>
<status status="PASS" starttime="20210406 10:25:40.548" endtime="20210406 10:25:43.506"></status>
</kw>
<kw name="Close Application" library="AppiumLibrary" type="teardown">
<doc>Closes the current application and also close webdriver session.</doc>
<status status="PASS" starttime="20210406 10:25:43.506" endtime="20210406 10:25:43.942"></status>
</kw>
<status status="PASS" starttime="20210406 10:25:30.511" endtime="20210406 10:25:43.942" critical="yes"></status>
</test>
<doc>Test and verify if login is invalid</doc>
<status status="PASS" starttime="20210406 10:24:30.095" endtime="20210406 10:25:43.943"></status>
</suite>
<suite id="s1-s2" name="003 Invalid Login Json" source="C:\Internship\AutomationTesting\Saucedemo-Mobile\testing_saucedemo_M\003_invalid_login_json.robot">
<kw name="Json File" type="setup">
<kw name="Load JSON From File" library="JSONLibrary">
<doc>Load JSON from file.</doc>
<arguments>
<arg>./Data_Set/users.json</arg>
</arguments>
<assign>
<var>${json_obj}</var>
</assign>
<msg timestamp="20210406 10:25:44.373" level="INFO">${json_obj} = {'users': [{'username': 'locked_out_user', 'password': 'secret_sauce', 'error': 'Sorry, this user has been locked out.'}, {'username': 'standard_user', 'password': '', 'error': 'Password is required'}...</msg>
<status status="PASS" starttime="20210406 10:25:44.366" endtime="20210406 10:25:44.373"></status>
</kw>
<kw name="Convert JSON To String" library="JSONLibrary">
<doc>Convert JSON object to string</doc>
<arguments>
<arg>${json_obj}</arg>
</arguments>
<assign>
<var>${json_str}</var>
</assign>
<msg timestamp="20210406 10:25:44.374" level="INFO">${json_str} = {"users": [{"username": "locked_out_user", "password": "secret_sauce", "error": "Sorry, this user has been locked out."}, {"username": "standard_user", "password": "", "error": "Password is required"}...</msg>
<status status="PASS" starttime="20210406 10:25:44.374" endtime="20210406 10:25:44.374"></status>
</kw>
<kw name="Evaluate" library="BuiltIn">
<doc>Evaluates the given expression in Python and returns the result.</doc>
<arguments>
<arg>json.loads('''${json_str}''')</arg>
<arg>json</arg>
</arguments>
<assign>
<var>${data}</var>
</assign>
<msg timestamp="20210406 10:25:44.375" level="INFO">${data} = {'users': [{'username': 'locked_out_user', 'password': 'secret_sauce', 'error': 'Sorry, this user has been locked out.'}, {'username': 'standard_user', 'password': '', 'error': 'Password is required'}...</msg>
<status status="PASS" starttime="20210406 10:25:44.374" endtime="20210406 10:25:44.375"></status>
</kw>
<kw name="Get Length" library="BuiltIn">
<doc>Returns and logs the length of the given item as an integer.</doc>
<arguments>
<arg>${data["users"]}</arg>
</arguments>
<assign>
<var>${lengthOfData}</var>
</assign>
<msg timestamp="20210406 10:25:44.375" level="INFO">Length is 3</msg>
<msg timestamp="20210406 10:25:44.375" level="INFO">${lengthOfData} = 3</msg>
<status status="PASS" starttime="20210406 10:25:44.375" endtime="20210406 10:25:44.375"></status>
</kw>
<kw name="Set Global Variable" library="BuiltIn">
<doc>Makes a variable available globally in all tests and suites.</doc>
<arguments>
<arg>${data}</arg>
</arguments>
<msg timestamp="20210406 10:25:44.376" level="INFO">${data} = {'users': [{'username': 'locked_out_user', 'password': 'secret_sauce', 'error': 'Sorry, this user has been locked out.'}, {'username': 'standard_user', 'password': '', 'error': 'Password is required'}...</msg>
<status status="PASS" starttime="20210406 10:25:44.375" endtime="20210406 10:25:44.376"></status>
</kw>
<kw name="Set Global Variable" library="BuiltIn">
<doc>Makes a variable available globally in all tests and suites.</doc>
<arguments>
<arg>${lengthOfData}</arg>
</arguments>
<msg timestamp="20210406 10:25:44.376" level="INFO">${lengthOfData} = 3</msg>
<status status="PASS" starttime="20210406 10:25:44.376" endtime="20210406 10:25:44.376"></status>
</kw>
<status status="PASS" starttime="20210406 10:25:44.365" endtime="20210406 10:25:44.376"></status>
</kw>
<test id="s1-s2-t1" name="Check Login For Invalid Crendential Through Json File">
<kw name="${i} IN RANGE [ ${lengthOfData} ]" type="for">
<kw name="${i} = 0" type="foritem">
<kw name="Open Saucedemo Application" library="001_resource">
<kw name="Open Application" library="AppiumLibrary">
<doc>Opens a new application to given Appium server.
Capabilities of appium server, Android and iOS,
Please check https://github.com/appium/appium/blob/master/docs/en/writing-running-appium/server-args.md
| *Option*            | *Man.* | *Description*     |
| remote_url          | Yes    | Appium server url |
| alias               | no     | alias             |</doc>
<arguments>
<arg>${REMOTE_URL}</arg>
<arg>platformName=${PLATFORM_NAME}</arg>
<arg>platformVersion=${PLATFORM_VERSION}</arg>
<arg>deviceName=${DEVICE_NAME}</arg>
<arg>automationName=UiAutomator2</arg>
<arg>appActivity=${APP_ACTIVITY}</arg>
<arg>appPackage=${APP_PACKAGE}</arg>
</arguments>
<status status="PASS" starttime="20210406 10:25:44.378" endtime="20210406 10:25:52.489"></status>
</kw>
<kw name="Wait Until Saucedemo Image Show">
<kw name="Wait Until Element Is Visible" library="AppiumLibrary">
<doc>Waits until element specified with `locator` is visible.</doc>
<arguments>
<arg>//android.view.ViewGroup/android.widget.ImageView[@index='0']</arg>
</arguments>
<status status="PASS" starttime="20210406 10:25:52.490" endtime="20210406 10:25:54.889"></status>
</kw>
<status status="PASS" starttime="20210406 10:25:52.489" endtime="20210406 10:25:54.889"></status>
</kw>
<status status="PASS" starttime="20210406 10:25:44.377" endtime="20210406 10:25:54.889"></status>
</kw>
<kw name="Run Keyword And Continue On Failure" library="BuiltIn">
<doc>Runs the keyword and continues execution even if a failure occurs.</doc>
<arguments>
<arg>Login Template</arg>
<arg>${data["users"][${i}]["username"]}</arg>
<arg>${data["users"][${i}]["password"]}</arg>
<arg>${data["users"][${i}]["error"]}</arg>
</arguments>
<kw name="Login Template">
<arguments>
<arg>${data["users"][${i}]["username"]}</arg>
<arg>${data["users"][${i}]["password"]}</arg>
<arg>${data["users"][${i}]["error"]}</arg>
</arguments>
<kw name="Input Username" library="001_resource">
<arguments>
<arg>${username}</arg>
</arguments>
<kw name="Input Text" library="AppiumLibrary">
<doc>Types the given `text` into text field identified by `locator`.</doc>
<arguments>
<arg>${txt_username}</arg>
<arg>${username}</arg>
</arguments>
<msg timestamp="20210406 10:25:54.894" level="INFO">Typing text 'locked_out_user' into text field '//android.widget.EditText[@text='Username']'</msg>
<status status="PASS" starttime="20210406 10:25:54.891" endtime="20210406 10:25:55.488"></status>
</kw>
<status status="PASS" starttime="20210406 10:25:54.891" endtime="20210406 10:25:55.489"></status>
</kw>
<kw name="Input Password" library="001_resource">
<arguments>
<arg>${password}</arg>
</arguments>
<kw name="Input Text" library="AppiumLibrary">
<doc>Types the given `text` into text field identified by `locator`.</doc>
<arguments>
<arg>${txt_password}</arg>
<arg>${password}</arg>
</arguments>
<msg timestamp="20210406 10:25:55.493" level="INFO">Typing text 'secret_sauce' into text field '//android.widget.EditText[@text='Password']'</msg>
<status status="PASS" starttime="20210406 10:25:55.489" endtime="20210406 10:25:56.547"></status>
</kw>
<status status="PASS" starttime="20210406 10:25:55.489" endtime="20210406 10:25:56.548"></status>
</kw>
<kw name="Click Login Button" library="001_resource">
<kw name="Click Element" library="AppiumLibrary">
<doc>Click element identified by `locator`.</doc>
<arguments>
<arg>${btn_login}</arg>
</arguments>
<msg timestamp="20210406 10:25:56.552" level="INFO">Clicking element '//android.view.ViewGroup[@content-desc='test-LOGIN']'.</msg>
<status status="PASS" starttime="20210406 10:25:56.548" endtime="20210406 10:25:57.098"></status>
</kw>
<status status="PASS" starttime="20210406 10:25:56.548" endtime="20210406 10:25:57.098"></status>
</kw>
<kw name="Login Should Fail">
<arguments>
<arg>${error}</arg>
</arguments>
<kw name="Wait Until Element Is Visible" library="AppiumLibrary">
<doc>Waits until element specified with `locator` is visible.</doc>
<arguments>
<arg>//android.view.ViewGroup[@content-desc="test-Error message"]</arg>
</arguments>
<status status="PASS" starttime="20210406 10:25:57.099" endtime="20210406 10:25:57.811"></status>
</kw>
<kw name="Get Text" library="AppiumLibrary">
<doc>Get element text (for hybrid and mobile browser use `xpath` locator, others might cause problem)</doc>
<arguments>
<arg>//android.view.ViewGroup[@content-desc="test-Error message"]/android.widget.TextView[@index='0']</arg>
</arguments>
<assign>
<var>${text}</var>
</assign>
<msg timestamp="20210406 10:25:57.871" level="INFO">Element '//android.view.ViewGroup[@content-desc="test-Error message"]/android.widget.TextView[@index='0']' text is 'Sorry, this user has been locked out.' </msg>
<msg timestamp="20210406 10:25:57.871" level="INFO">${text} = Sorry, this user has been locked out.</msg>
<status status="PASS" starttime="20210406 10:25:57.811" endtime="20210406 10:25:57.871"></status>
</kw>
<kw name="Should Be Equal" library="BuiltIn">
<doc>Fails if the given objects are unequal.</doc>
<arguments>
<arg>${msg}</arg>
<arg>${text}</arg>
</arguments>
<status status="PASS" starttime="20210406 10:25:57.871" endtime="20210406 10:25:57.871"></status>
</kw>
<status status="PASS" starttime="20210406 10:25:57.098" endtime="20210406 10:25:57.872"></status>
</kw>
<status status="PASS" starttime="20210406 10:25:54.890" endtime="20210406 10:25:57.872"></status>
</kw>
<status status="PASS" starttime="20210406 10:25:54.890" endtime="20210406 10:25:57.872"></status>
</kw>
<kw name="Close Application" library="AppiumLibrary">
<doc>Closes the current application and also close webdriver session.</doc>
<status status="PASS" starttime="20210406 10:25:57.872" endtime="20210406 10:25:58.261"></status>
</kw>
<status status="PASS" starttime="20210406 10:25:44.377" endtime="20210406 10:25:58.261"></status>
</kw>
<kw name="${i} = 1" type="foritem">
<kw name="Open Saucedemo Application" library="001_resource">
<kw name="Open Application" library="AppiumLibrary">
<doc>Opens a new application to given Appium server.
Capabilities of appium server, Android and iOS,
Please check https://github.com/appium/appium/blob/master/docs/en/writing-running-appium/server-args.md
| *Option*            | *Man.* | *Description*     |
| remote_url          | Yes    | Appium server url |
| alias               | no     | alias             |</doc>
<arguments>
<arg>${REMOTE_URL}</arg>
<arg>platformName=${PLATFORM_NAME}</arg>
<arg>platformVersion=${PLATFORM_VERSION}</arg>
<arg>deviceName=${DEVICE_NAME}</arg>
<arg>automationName=UiAutomator2</arg>
<arg>appActivity=${APP_ACTIVITY}</arg>
<arg>appPackage=${APP_PACKAGE}</arg>
</arguments>
<status status="PASS" starttime="20210406 10:25:58.262" endtime="20210406 10:26:06.283"></status>
</kw>
<kw name="Wait Until Saucedemo Image Show">
<kw name="Wait Until Element Is Visible" library="AppiumLibrary">
<doc>Waits until element specified with `locator` is visible.</doc>
<arguments>
<arg>//android.view.ViewGroup/android.widget.ImageView[@index='0']</arg>
</arguments>
<status status="PASS" starttime="20210406 10:26:06.284" endtime="20210406 10:26:08.472"></status>
</kw>
<status status="PASS" starttime="20210406 10:26:06.284" endtime="20210406 10:26:08.472"></status>
</kw>
<status status="PASS" starttime="20210406 10:25:58.261" endtime="20210406 10:26:08.472"></status>
</kw>
<kw name="Run Keyword And Continue On Failure" library="BuiltIn">
<doc>Runs the keyword and continues execution even if a failure occurs.</doc>
<arguments>
<arg>Login Template</arg>
<arg>${data["users"][${i}]["username"]}</arg>
<arg>${data["users"][${i}]["password"]}</arg>
<arg>${data["users"][${i}]["error"]}</arg>
</arguments>
<kw name="Login Template">
<arguments>
<arg>${data["users"][${i}]["username"]}</arg>
<arg>${data["users"][${i}]["password"]}</arg>
<arg>${data["users"][${i}]["error"]}</arg>
</arguments>
<kw name="Input Username" library="001_resource">
<arguments>
<arg>${username}</arg>
</arguments>
<kw name="Input Text" library="AppiumLibrary">
<doc>Types the given `text` into text field identified by `locator`.</doc>
<arguments>
<arg>${txt_username}</arg>
<arg>${username}</arg>
</arguments>
<msg timestamp="20210406 10:26:08.476" level="INFO">Typing text 'standard_user' into text field '//android.widget.EditText[@text='Username']'</msg>
<status status="PASS" starttime="20210406 10:26:08.474" endtime="20210406 10:26:09.077"></status>
</kw>
<status status="PASS" starttime="20210406 10:26:08.474" endtime="20210406 10:26:09.077"></status>
</kw>
<kw name="Input Password" library="001_resource">
<arguments>
<arg>${password}</arg>
</arguments>
<kw name="Input Text" library="AppiumLibrary">
<doc>Types the given `text` into text field identified by `locator`.</doc>
<arguments>
<arg>${txt_password}</arg>
<arg>${password}</arg>
</arguments>
<msg timestamp="20210406 10:26:09.084" level="INFO">Typing text '' into text field '//android.widget.EditText[@text='Password']'</msg>
<status status="PASS" starttime="20210406 10:26:09.079" endtime="20210406 10:26:10.140"></status>
</kw>
<status status="PASS" starttime="20210406 10:26:09.077" endtime="20210406 10:26:10.140"></status>
</kw>
<kw name="Click Login Button" library="001_resource">
<kw name="Click Element" library="AppiumLibrary">
<doc>Click element identified by `locator`.</doc>
<arguments>
<arg>${btn_login}</arg>
</arguments>
<msg timestamp="20210406 10:26:10.144" level="INFO">Clicking element '//android.view.ViewGroup[@content-desc='test-LOGIN']'.</msg>
<status status="PASS" starttime="20210406 10:26:10.141" endtime="20210406 10:26:10.699"></status>
</kw>
<status status="PASS" starttime="20210406 10:26:10.141" endtime="20210406 10:26:10.700"></status>
</kw>
<kw name="Login Should Fail">
<arguments>
<arg>${error}</arg>
</arguments>
<kw name="Wait Until Element Is Visible" library="AppiumLibrary">
<doc>Waits until element specified with `locator` is visible.</doc>
<arguments>
<arg>//android.view.ViewGroup[@content-desc="test-Error message"]</arg>
</arguments>
<status status="PASS" starttime="20210406 10:26:10.700" endtime="20210406 10:26:11.404"></status>
</kw>
<kw name="Get Text" library="AppiumLibrary">
<doc>Get element text (for hybrid and mobile browser use `xpath` locator, others might cause problem)</doc>
<arguments>
<arg>//android.view.ViewGroup[@content-desc="test-Error message"]/android.widget.TextView[@index='0']</arg>
</arguments>
<assign>
<var>${text}</var>
</assign>
<msg timestamp="20210406 10:26:11.470" level="INFO">Element '//android.view.ViewGroup[@content-desc="test-Error message"]/android.widget.TextView[@index='0']' text is 'Password is required' </msg>
<msg timestamp="20210406 10:26:11.470" level="INFO">${text} = Password is required</msg>
<status status="PASS" starttime="20210406 10:26:11.405" endtime="20210406 10:26:11.470"></status>
</kw>
<kw name="Should Be Equal" library="BuiltIn">
<doc>Fails if the given objects are unequal.</doc>
<arguments>
<arg>${msg}</arg>
<arg>${text}</arg>
</arguments>
<status status="PASS" starttime="20210406 10:26:11.470" endtime="20210406 10:26:11.470"></status>
</kw>
<status status="PASS" starttime="20210406 10:26:10.700" endtime="20210406 10:26:11.471"></status>
</kw>
<status status="PASS" starttime="20210406 10:26:08.473" endtime="20210406 10:26:11.471"></status>
</kw>
<status status="PASS" starttime="20210406 10:26:08.472" endtime="20210406 10:26:11.471"></status>
</kw>
<kw name="Close Application" library="AppiumLibrary">
<doc>Closes the current application and also close webdriver session.</doc>
<status status="PASS" starttime="20210406 10:26:11.471" endtime="20210406 10:26:11.828"></status>
</kw>
<status status="PASS" starttime="20210406 10:25:58.261" endtime="20210406 10:26:11.828"></status>
</kw>
<kw name="${i} = 2" type="foritem">
<kw name="Open Saucedemo Application" library="001_resource">
<kw name="Open Application" library="AppiumLibrary">
<doc>Opens a new application to given Appium server.
Capabilities of appium server, Android and iOS,
Please check https://github.com/appium/appium/blob/master/docs/en/writing-running-appium/server-args.md
| *Option*            | *Man.* | *Description*     |
| remote_url          | Yes    | Appium server url |
| alias               | no     | alias             |</doc>
<arguments>
<arg>${REMOTE_URL}</arg>
<arg>platformName=${PLATFORM_NAME}</arg>
<arg>platformVersion=${PLATFORM_VERSION}</arg>
<arg>deviceName=${DEVICE_NAME}</arg>
<arg>automationName=UiAutomator2</arg>
<arg>appActivity=${APP_ACTIVITY}</arg>
<arg>appPackage=${APP_PACKAGE}</arg>
</arguments>
<status status="PASS" starttime="20210406 10:26:11.829" endtime="20210406 10:26:19.561"></status>
</kw>
<kw name="Wait Until Saucedemo Image Show">
<kw name="Wait Until Element Is Visible" library="AppiumLibrary">
<doc>Waits until element specified with `locator` is visible.</doc>
<arguments>
<arg>//android.view.ViewGroup/android.widget.ImageView[@index='0']</arg>
</arguments>
<status status="PASS" starttime="20210406 10:26:19.562" endtime="20210406 10:26:21.816"></status>
</kw>
<status status="PASS" starttime="20210406 10:26:19.562" endtime="20210406 10:26:21.816"></status>
</kw>
<status status="PASS" starttime="20210406 10:26:11.829" endtime="20210406 10:26:21.816"></status>
</kw>
<kw name="Run Keyword And Continue On Failure" library="BuiltIn">
<doc>Runs the keyword and continues execution even if a failure occurs.</doc>
<arguments>
<arg>Login Template</arg>
<arg>${data["users"][${i}]["username"]}</arg>
<arg>${data["users"][${i}]["password"]}</arg>
<arg>${data["users"][${i}]["error"]}</arg>
</arguments>
<kw name="Login Template">
<arguments>
<arg>${data["users"][${i}]["username"]}</arg>
<arg>${data["users"][${i}]["password"]}</arg>
<arg>${data["users"][${i}]["error"]}</arg>
</arguments>
<kw name="Input Username" library="001_resource">
<arguments>
<arg>${username}</arg>
</arguments>
<kw name="Input Text" library="AppiumLibrary">
<doc>Types the given `text` into text field identified by `locator`.</doc>
<arguments>
<arg>${txt_username}</arg>
<arg>${username}</arg>
</arguments>
<msg timestamp="20210406 10:26:21.821" level="INFO">Typing text '' into text field '//android.widget.EditText[@text='Username']'</msg>
<status status="PASS" starttime="20210406 10:26:21.819" endtime="20210406 10:26:21.916"></status>
</kw>
<status status="PASS" starttime="20210406 10:26:21.819" endtime="20210406 10:26:21.916"></status>
</kw>
<kw name="Input Password" library="001_resource">
<arguments>
<arg>${password}</arg>
</arguments>
<kw name="Input Text" library="AppiumLibrary">
<doc>Types the given `text` into text field identified by `locator`.</doc>
<arguments>
<arg>${txt_password}</arg>
<arg>${password}</arg>
</arguments>
<msg timestamp="20210406 10:26:21.920" level="INFO">Typing text 'secret_sauce' into text field '//android.widget.EditText[@text='Password']'</msg>
<status status="PASS" starttime="20210406 10:26:21.917" endtime="20210406 10:26:23.137"></status>
</kw>
<status status="PASS" starttime="20210406 10:26:21.916" endtime="20210406 10:26:23.138"></status>
</kw>
<kw name="Click Login Button" library="001_resource">
<kw name="Click Element" library="AppiumLibrary">
<doc>Click element identified by `locator`.</doc>
<arguments>
<arg>${btn_login}</arg>
</arguments>
<msg timestamp="20210406 10:26:23.140" level="INFO">Clicking element '//android.view.ViewGroup[@content-desc='test-LOGIN']'.</msg>
<status status="PASS" starttime="20210406 10:26:23.138" endtime="20210406 10:26:23.696"></status>
</kw>
<status status="PASS" starttime="20210406 10:26:23.138" endtime="20210406 10:26:23.696"></status>
</kw>
<kw name="Login Should Fail">
<arguments>
<arg>${error}</arg>
</arguments>
<kw name="Wait Until Element Is Visible" library="AppiumLibrary">
<doc>Waits until element specified with `locator` is visible.</doc>
<arguments>
<arg>//android.view.ViewGroup[@content-desc="test-Error message"]</arg>
</arguments>
<status status="PASS" starttime="20210406 10:26:23.696" endtime="20210406 10:26:24.401"></status>
</kw>
<kw name="Get Text" library="AppiumLibrary">
<doc>Get element text (for hybrid and mobile browser use `xpath` locator, others might cause problem)</doc>
<arguments>
<arg>//android.view.ViewGroup[@content-desc="test-Error message"]/android.widget.TextView[@index='0']</arg>
</arguments>
<assign>
<var>${text}</var>
</assign>
<msg timestamp="20210406 10:26:24.466" level="INFO">Element '//android.view.ViewGroup[@content-desc="test-Error message"]/android.widget.TextView[@index='0']' text is 'Username is required' </msg>
<msg timestamp="20210406 10:26:24.466" level="INFO">${text} = Username is required</msg>
<status status="PASS" starttime="20210406 10:26:24.401" endtime="20210406 10:26:24.466"></status>
</kw>
<kw name="Should Be Equal" library="BuiltIn">
<doc>Fails if the given objects are unequal.</doc>
<arguments>
<arg>${msg}</arg>
<arg>${text}</arg>
</arguments>
<status status="PASS" starttime="20210406 10:26:24.467" endtime="20210406 10:26:24.467"></status>
</kw>
<status status="PASS" starttime="20210406 10:26:23.696" endtime="20210406 10:26:24.467"></status>
</kw>
<status status="PASS" starttime="20210406 10:26:21.817" endtime="20210406 10:26:24.467"></status>
</kw>
<status status="PASS" starttime="20210406 10:26:21.817" endtime="20210406 10:26:24.467"></status>
</kw>
<kw name="Close Application" library="AppiumLibrary">
<doc>Closes the current application and also close webdriver session.</doc>
<status status="PASS" starttime="20210406 10:26:24.467" endtime="20210406 10:26:24.894"></status>
</kw>
<status status="PASS" starttime="20210406 10:26:11.829" endtime="20210406 10:26:24.894"></status>
</kw>
<status status="PASS" starttime="20210406 10:25:44.377" endtime="20210406 10:26:24.894"></status>
</kw>
<status status="PASS" starttime="20210406 10:25:44.376" endtime="20210406 10:26:24.895" critical="yes"></status>
</test>
<doc>Test and verify if login is invalid &amp; fetch data from json file</doc>
<status status="PASS" starttime="20210406 10:25:43.945" endtime="20210406 10:26:24.896"></status>
</suite>
<suite id="s1-s3" name="004 Invalid Login Db" source="C:\Internship\AutomationTesting\Saucedemo-Mobile\testing_saucedemo_M\004_invalid_login_db.robot">
<kw name="Run Keywords" library="BuiltIn" type="setup">
<doc>Executes all the given keywords in a sequence.</doc>
<arguments>
<arg>Connect To Database</arg>
<arg>pymysql</arg>
<arg>${db_name}</arg>
<arg>${db_user}</arg>
<arg>${db_pasword}</arg>
<arg>${db_host}</arg>
<arg>${db_port}</arg>
<arg>AND</arg>
<arg>Fetch Data</arg>
<arg>AND</arg>
<arg>Row Count In Users Table</arg>
</arguments>
<kw name="Connect To Database" library="DatabaseLibrary">
<doc>Loads the DB API 2.0 module given `dbapiModuleName` then uses it to
connect to the database using `dbName`, `dbUsername`, and `dbPassword`.</doc>
<arguments>
<arg>pymysql</arg>
<arg>${db_name}</arg>
<arg>${db_user}</arg>
<arg>${db_pasword}</arg>
<arg>${db_host}</arg>
<arg>${db_port}</arg>
</arguments>
<msg timestamp="20210406 10:26:25.146" level="INFO">Connecting using : pymysql.connect(db=db_test, user=root, passwd=, host=127.0.0.1, port=3306, charset=None) </msg>
<msg timestamp="20210406 10:26:27.381" level="FAIL">OperationalError: (2003, "Can't connect to MySQL server on '127.0.0.1' ([WinError 10061] No connection could be made because the target machine actively refused it)")</msg>
<status status="FAIL" starttime="20210406 10:26:24.934" endtime="20210406 10:26:27.381"></status>
</kw>
<status status="FAIL" starttime="20210406 10:26:24.933" endtime="20210406 10:26:27.381"></status>
</kw>
<test id="s1-s3-t1" name="Check Login For Invalid Crendential Through Database">
<status status="FAIL" starttime="20210406 10:26:27.381" endtime="20210406 10:26:27.382" critical="yes">Parent suite setup failed:
OperationalError: (2003, "Can't connect to MySQL server on '127.0.0.1' ([WinError 10061] No connection could be made because the target machine actively refused it)")</status>
</test>
<kw name="Disconnect From Database" library="DatabaseLibrary" type="teardown">
<doc>Disconnects from the database.</doc>
<msg timestamp="20210406 10:26:27.383" level="INFO">Executing : Disconnect From Database</msg>
<msg timestamp="20210406 10:26:27.383" level="FAIL">AttributeError: 'NoneType' object has no attribute 'close'</msg>
<status status="FAIL" starttime="20210406 10:26:27.382" endtime="20210406 10:26:27.383">AttributeError: 'NoneType' object has no attribute 'close'</status>
</kw>
<doc>Test and verify if login is invalid &amp; fetch data from database</doc>
<status status="FAIL" starttime="20210406 10:26:24.899" endtime="20210406 10:26:27.383">Suite setup failed:
OperationalError: (2003, "Can't connect to MySQL server on '127.0.0.1' ([WinError 10061] No connection could be made because the target machine actively refused it)")

Also suite teardown failed:
AttributeError: 'NoneType' object has no attribute 'close'</status>
</suite>
<suite id="s1-s4" name="005 Valid Login" source="C:\Internship\AutomationTesting\Saucedemo-Mobile\testing_saucedemo_M\005_valid_login.robot">
<kw name="Open Saucedemo Application" library="001_resource" type="setup">
<kw name="Open Application" library="AppiumLibrary">
<doc>Opens a new application to given Appium server.
Capabilities of appium server, Android and iOS,
Please check https://github.com/appium/appium/blob/master/docs/en/writing-running-appium/server-args.md
| *Option*            | *Man.* | *Description*     |
| remote_url          | Yes    | Appium server url |
| alias               | no     | alias             |</doc>
<arguments>
<arg>${REMOTE_URL}</arg>
<arg>platformName=${PLATFORM_NAME}</arg>
<arg>platformVersion=${PLATFORM_VERSION}</arg>
<arg>deviceName=${DEVICE_NAME}</arg>
<arg>automationName=UiAutomator2</arg>
<arg>appActivity=${APP_ACTIVITY}</arg>
<arg>appPackage=${APP_PACKAGE}</arg>
</arguments>
<status status="PASS" starttime="20210406 10:26:27.390" endtime="20210406 10:26:34.845"></status>
</kw>
<kw name="Wait Until Saucedemo Image Show" library="001_resource">
<kw name="Wait Until Element Is Visible" library="AppiumLibrary">
<doc>Waits until element specified with `locator` is visible.</doc>
<arguments>
<arg>${element_image_saucedemo}</arg>
</arguments>
<status status="PASS" starttime="20210406 10:26:34.845" endtime="20210406 10:26:37.024"></status>
</kw>
<status status="PASS" starttime="20210406 10:26:34.845" endtime="20210406 10:26:37.024"></status>
</kw>
<status status="PASS" starttime="20210406 10:26:27.390" endtime="20210406 10:26:37.024"></status>
</kw>
<test id="s1-s4-t1" name="Input Valid Crendential">
<kw name="Input Username" library="001_resource">
<arguments>
<arg>${VALID_USERNAME}</arg>
</arguments>
<kw name="Input Text" library="AppiumLibrary">
<doc>Types the given `text` into text field identified by `locator`.</doc>
<arguments>
<arg>${txt_username}</arg>
<arg>${username}</arg>
</arguments>
<msg timestamp="20210406 10:26:37.028" level="INFO">Typing text 'standard_user' into text field '//android.widget.EditText[@text='Username']'</msg>
<status status="PASS" starttime="20210406 10:26:37.026" endtime="20210406 10:26:37.616"></status>
</kw>
<status status="PASS" starttime="20210406 10:26:37.025" endtime="20210406 10:26:37.616"></status>
</kw>
<kw name="Input Password" library="001_resource">
<arguments>
<arg>${VALID_PASSWORD}</arg>
</arguments>
<kw name="Input Text" library="AppiumLibrary">
<doc>Types the given `text` into text field identified by `locator`.</doc>
<arguments>
<arg>${txt_password}</arg>
<arg>${password}</arg>
</arguments>
<msg timestamp="20210406 10:26:37.620" level="INFO">Typing text 'secret_sauce' into text field '//android.widget.EditText[@text='Password']'</msg>
<status status="PASS" starttime="20210406 10:26:37.617" endtime="20210406 10:26:38.688"></status>
</kw>
<status status="PASS" starttime="20210406 10:26:37.617" endtime="20210406 10:26:38.689"></status>
</kw>
<kw name="Click Login Button" library="001_resource">
<kw name="Click Element" library="AppiumLibrary">
<doc>Click element identified by `locator`.</doc>
<arguments>
<arg>${btn_login}</arg>
</arguments>
<msg timestamp="20210406 10:26:38.691" level="INFO">Clicking element '//android.view.ViewGroup[@content-desc='test-LOGIN']'.</msg>
<status status="PASS" starttime="20210406 10:26:38.689" endtime="20210406 10:26:39.244"></status>
</kw>
<status status="PASS" starttime="20210406 10:26:38.689" endtime="20210406 10:26:39.245"></status>
</kw>
<kw name="Login Should Success">
<kw name="Wait Until Element Is Visible" library="AppiumLibrary">
<doc>Waits until element specified with `locator` is visible.</doc>
<arguments>
<arg>${txt_title}</arg>
</arguments>
<status status="PASS" starttime="20210406 10:26:39.245" endtime="20210406 10:26:40.744"></status>
</kw>
<kw name="Get Text" library="AppiumLibrary">
<doc>Get element text (for hybrid and mobile browser use `xpath` locator, others might cause problem)</doc>
<arguments>
<arg>${txt_title}</arg>
</arguments>
<assign>
<var>${text}</var>
</assign>
<msg timestamp="20210406 10:26:40.831" level="INFO">Element '//android.view.ViewGroup[@content-desc='test-Cart drop zone']/android.view.ViewGroup/android.widget.TextView[@index='0']' text is 'PRODUCTS' </msg>
<msg timestamp="20210406 10:26:40.831" level="INFO">${text} = PRODUCTS</msg>
<status status="PASS" starttime="20210406 10:26:40.744" endtime="20210406 10:26:40.831"></status>
</kw>
<kw name="Should Be Equal" library="BuiltIn">
<doc>Fails if the given objects are unequal.</doc>
<arguments>
<arg>${text}</arg>
<arg>PRODUCTS</arg>
</arguments>
<status status="PASS" starttime="20210406 10:26:40.831" endtime="20210406 10:26:40.832"></status>
</kw>
<status status="PASS" starttime="20210406 10:26:39.245" endtime="20210406 10:26:40.832"></status>
</kw>
<status status="PASS" starttime="20210406 10:26:37.024" endtime="20210406 10:26:40.832" critical="yes"></status>
</test>
<status status="PASS" starttime="20210406 10:26:27.384" endtime="20210406 10:26:40.833"></status>
</suite>
<suite id="s1-s5" name="006 Order Item" source="C:\Internship\AutomationTesting\Saucedemo-Mobile\testing_saucedemo_M\006_order_item.robot">
<test id="s1-s5-t1" name="Order The Expensive Item">
<kw name="Click Filter">
<kw name="Click Element" library="AppiumLibrary">
<doc>Click element identified by `locator`.</doc>
<arguments>
<arg>${iv_filter}</arg>
</arguments>
<msg timestamp="20210406 10:26:40.842" level="INFO">Clicking element '//android.view.ViewGroup[@content-desc='test-Modal Selector Button']/android.view.ViewGroup/android.view.ViewGroup/android.widget.ImageView'.</msg>
<status status="PASS" starttime="20210406 10:26:40.841" endtime="20210406 10:26:40.934"></status>
</kw>
<status status="PASS" starttime="20210406 10:26:40.841" endtime="20210406 10:26:40.934"></status>
</kw>
<kw name="Click Price (high to low)">
<kw name="Wait Until Element Is Visible" library="AppiumLibrary">
<doc>Waits until element specified with `locator` is visible.</doc>
<arguments>
<arg>${vg_high_to_low}</arg>
</arguments>
<status status="PASS" starttime="20210406 10:26:40.935" endtime="20210406 10:26:41.665"></status>
</kw>
<kw name="Click Element" library="AppiumLibrary">
<doc>Click element identified by `locator`.</doc>
<arguments>
<arg>${vg_high_to_low}</arg>
</arguments>
<msg timestamp="20210406 10:26:41.667" level="INFO">Clicking element '//android.widget.ScrollView[@content-desc='Selector container']/android.view.ViewGroup/android.view.ViewGroup[@index='4']'.</msg>
<status status="PASS" starttime="20210406 10:26:41.666" endtime="20210406 10:26:41.723"></status>
</kw>
<status status="PASS" starttime="20210406 10:26:40.934" endtime="20210406 10:26:41.723"></status>
</kw>
<kw name="Click Add To Cart">
<kw name="Wait Until Element Is Visible" library="AppiumLibrary">
<doc>Waits until element specified with `locator` is visible.</doc>
<arguments>
<arg>${vg_add_to_cart}</arg>
</arguments>
<status status="PASS" starttime="20210406 10:26:41.723" endtime="20210406 10:26:42.595"></status>
</kw>
<kw name="Click Element" library="AppiumLibrary">
<doc>Click element identified by `locator`.</doc>
<arguments>
<arg>${vg_add_to_cart}</arg>
</arguments>
<msg timestamp="20210406 10:26:42.598" level="INFO">Clicking element '//android.view.ViewGroup[@content-desc='test-Item' and @index='0']/android.view.ViewGroup/android.view.ViewGroup[@content-desc='test-ADD TO CART']'.</msg>
<status status="PASS" starttime="20210406 10:26:42.596" endtime="20210406 10:26:42.702"></status>
</kw>
<status status="PASS" starttime="20210406 10:26:41.723" endtime="20210406 10:26:42.702"></status>
</kw>
<kw name="Click Cart">
<kw name="Click Element" library="AppiumLibrary">
<doc>Click element identified by `locator`.</doc>
<arguments>
<arg>${btn_cart}</arg>
</arguments>
<msg timestamp="20210406 10:26:42.705" level="INFO">Clicking element '//android.view.ViewGroup[@content-desc='test-Cart']/android.view.ViewGroup/android.widget.ImageView'.</msg>
<status status="PASS" starttime="20210406 10:26:42.703" endtime="20210406 10:26:43.398"></status>
</kw>
<status status="PASS" starttime="20210406 10:26:42.702" endtime="20210406 10:26:43.399"></status>
</kw>
<kw name="Click Checkout">
<kw name="Wait Until Element Is Visible" library="AppiumLibrary">
<doc>Waits until element specified with `locator` is visible.</doc>
<arguments>
<arg>${txt_title_yourcart}</arg>
</arguments>
<status status="PASS" starttime="20210406 10:26:43.400" endtime="20210406 10:26:44.793"></status>
</kw>
<kw name="Swipe By Percent" library="AppiumLibrary">
<doc>Swipe from one percent of the screen to another percent, for an optional duration.
Normal swipe fails to scale for different screen resolutions, this can be avoided using percent.</doc>
<arguments>
<arg>50</arg>
<arg>90</arg>
<arg>50</arg>
<arg>35</arg>
</arguments>
<status status="PASS" starttime="20210406 10:26:44.793" endtime="20210406 10:26:46.117"></status>
</kw>
<kw name="Wait Until Element Is Visible" library="AppiumLibrary">
<doc>Waits until element specified with `locator` is visible.</doc>
<arguments>
<arg>${btn_checkout}</arg>
</arguments>
<status status="PASS" starttime="20210406 10:26:46.117" endtime="20210406 10:26:46.563"></status>
</kw>
<kw name="Click Element" library="AppiumLibrary">
<doc>Click element identified by `locator`.</doc>
<arguments>
<arg>${btn_checkout}</arg>
</arguments>
<msg timestamp="20210406 10:26:46.565" level="INFO">Clicking element '//android.widget.ScrollView/android.view.ViewGroup/android.view.ViewGroup[@content-desc='test-CHECKOUT']'.</msg>
<status status="PASS" starttime="20210406 10:26:46.563" endtime="20210406 10:26:46.654"></status>
</kw>
<status status="PASS" starttime="20210406 10:26:43.399" endtime="20210406 10:26:46.654"></status>
</kw>
<kw name="Wait Until Element Is Visible" library="AppiumLibrary">
<doc>Waits until element specified with `locator` is visible.</doc>
<arguments>
<arg>${txt_firstname}</arg>
</arguments>
<status status="PASS" starttime="20210406 10:26:46.655" endtime="20210406 10:26:48.025"></status>
</kw>
<kw name="Input Valid Information">
<arguments>
<arg>stepen</arg>
<arg>sanjaya</arg>
<arg>11111</arg>
</arguments>
<kw name="Input Text" library="AppiumLibrary">
<doc>Types the given `text` into text field identified by `locator`.</doc>
<arguments>
<arg>${txt_firstname}</arg>
<arg>${firstname}</arg>
</arguments>
<msg timestamp="20210406 10:26:48.029" level="INFO">Typing text 'stepen' into text field '//android.widget.ScrollView/android.view.ViewGroup/android.view.ViewGroup/android.widget.EditText[@text='First Name']'</msg>
<status status="PASS" starttime="20210406 10:26:48.026" endtime="20210406 10:26:48.643"></status>
</kw>
<kw name="Input Text" library="AppiumLibrary">
<doc>Types the given `text` into text field identified by `locator`.</doc>
<arguments>
<arg>${txt_lastname}</arg>
<arg>${lastname}</arg>
</arguments>
<msg timestamp="20210406 10:26:48.645" level="INFO">Typing text 'sanjaya' into text field '//android.widget.ScrollView/android.view.ViewGroup/android.view.ViewGroup/android.widget.EditText[@text='Last Name']'</msg>
<status status="PASS" starttime="20210406 10:26:48.643" endtime="20210406 10:26:49.664"></status>
</kw>
<kw name="Input Text" library="AppiumLibrary">
<doc>Types the given `text` into text field identified by `locator`.</doc>
<arguments>
<arg>${txt_postalcode}</arg>
<arg>${postalcode}</arg>
</arguments>
<msg timestamp="20210406 10:26:49.666" level="INFO">Typing text '11111' into text field '//android.widget.ScrollView/android.view.ViewGroup/android.view.ViewGroup/android.widget.EditText[@text='Zip/Postal Code']'</msg>
<status status="PASS" starttime="20210406 10:26:49.664" endtime="20210406 10:26:50.732"></status>
</kw>
<status status="PASS" starttime="20210406 10:26:48.025" endtime="20210406 10:26:50.732"></status>
</kw>
<kw name="Click Continue">
<kw name="Click Element" library="AppiumLibrary">
<doc>Click element identified by `locator`.</doc>
<arguments>
<arg>${btn_continue}</arg>
</arguments>
<msg timestamp="20210406 10:26:50.734" level="INFO">Clicking element '//android.widget.ScrollView[@content-desc='test-Checkout: Your Info']/android.view.ViewGroup/android.view.ViewGroup[@index='8']'.</msg>
<status status="PASS" starttime="20210406 10:26:50.732" endtime="20210406 10:26:51.281"></status>
</kw>
<status status="PASS" starttime="20210406 10:26:50.732" endtime="20210406 10:26:51.281"></status>
</kw>
<kw name="Click Finish">
<kw name="Wait Until Element Is Visible" library="AppiumLibrary">
<doc>Waits until element specified with `locator` is visible.</doc>
<arguments>
<arg>${txt_checkout_overview}</arg>
</arguments>
<status status="PASS" starttime="20210406 10:26:51.281" endtime="20210406 10:26:52.718"></status>
</kw>
<kw name="Swipe By Percent" library="AppiumLibrary">
<doc>Swipe from one percent of the screen to another percent, for an optional duration.
Normal swipe fails to scale for different screen resolutions, this can be avoided using percent.</doc>
<arguments>
<arg>50</arg>
<arg>90</arg>
<arg>50</arg>
<arg>30</arg>
</arguments>
<status status="PASS" starttime="20210406 10:26:52.718" endtime="20210406 10:26:54.073"></status>
</kw>
<kw name="Wait Until Element Is Visible" library="AppiumLibrary">
<doc>Waits until element specified with `locator` is visible.</doc>
<arguments>
<arg>${btn_finish}</arg>
</arguments>
<status status="PASS" starttime="20210406 10:26:54.073" endtime="20210406 10:26:54.487"></status>
</kw>
<kw name="Click Element" library="AppiumLibrary">
<doc>Click element identified by `locator`.</doc>
<arguments>
<arg>${btn_finish}</arg>
</arguments>
<msg timestamp="20210406 10:26:54.492" level="INFO">Clicking element '//android.widget.ScrollView/android.view.ViewGroup/android.view.ViewGroup[@index='14']'.</msg>
<status status="PASS" starttime="20210406 10:26:54.488" endtime="20210406 10:26:54.594"></status>
</kw>
<kw name="Checkout should be success">
<kw name="Wait Until Element Is Visible" library="AppiumLibrary">
<doc>Waits until element specified with `locator` is visible.</doc>
<arguments>
<arg>${txt_checkout_complete}</arg>
</arguments>
<status status="PASS" starttime="20210406 10:26:54.595" endtime="20210406 10:26:56.015"></status>
</kw>
<kw name="Get Text" library="AppiumLibrary">
<doc>Get element text (for hybrid and mobile browser use `xpath` locator, others might cause problem)</doc>
<arguments>
<arg>${txt_checkout_complete}</arg>
</arguments>
<assign>
<var>${text}</var>
</assign>
<msg timestamp="20210406 10:26:56.092" level="INFO">Element '//android.view.ViewGroup/android.view.ViewGroup[@index='1']/android.widget.TextView[@text='CHECKOUT: COMPLETE!']' text is 'CHECKOUT: COMPLETE!' </msg>
<msg timestamp="20210406 10:26:56.092" level="INFO">${text} = CHECKOUT: COMPLETE!</msg>
<status status="PASS" starttime="20210406 10:26:56.015" endtime="20210406 10:26:56.092"></status>
</kw>
<kw name="Should Be Equal" library="BuiltIn">
<doc>Fails if the given objects are unequal.</doc>
<arguments>
<arg>${text}</arg>
<arg>CHECKOUT: COMPLETE!</arg>
</arguments>
<status status="PASS" starttime="20210406 10:26:56.092" endtime="20210406 10:26:56.092"></status>
</kw>
<status status="PASS" starttime="20210406 10:26:54.594" endtime="20210406 10:26:56.093"></status>
</kw>
<status status="PASS" starttime="20210406 10:26:51.281" endtime="20210406 10:26:56.093"></status>
</kw>
<kw name="Close Application" library="AppiumLibrary">
<doc>Closes the current application and also close webdriver session.</doc>
<status status="PASS" starttime="20210406 10:26:56.093" endtime="20210406 10:26:56.614"></status>
</kw>
<status status="PASS" starttime="20210406 10:26:40.840" endtime="20210406 10:26:56.614" critical="yes"></status>
</test>
<status status="PASS" starttime="20210406 10:26:40.834" endtime="20210406 10:26:56.615"></status>
</suite>
<status status="FAIL" starttime="20210406 10:24:30.044" endtime="20210406 10:26:56.618"></status>
</suite>
<statistics>
<total>
<stat pass="6" fail="1">Critical Tests</stat>
<stat pass="6" fail="1">All Tests</stat>
</total>
<tag>
</tag>
<suite>
<stat pass="6" fail="1" id="s1" name="testing saucedemo M">testing saucedemo M</stat>
<stat pass="3" fail="0" id="s1-s1" name="002 Invalid Login">testing saucedemo M.002 Invalid Login</stat>
<stat pass="1" fail="0" id="s1-s2" name="003 Invalid Login Json">testing saucedemo M.003 Invalid Login Json</stat>
<stat pass="0" fail="1" id="s1-s3" name="004 Invalid Login Db">testing saucedemo M.004 Invalid Login Db</stat>
<stat pass="1" fail="0" id="s1-s4" name="005 Valid Login">testing saucedemo M.005 Valid Login</stat>
<stat pass="1" fail="0" id="s1-s5" name="006 Order Item">testing saucedemo M.006 Order Item</stat>
</suite>
</statistics>
<errors>
<msg timestamp="20210406 10:25:15.672" level="WARN">Multiple test cases with name 'Check Login For Invalid Crendential' executed in test suite 'testing saucedemo M.002 Invalid Login'.</msg>
<msg timestamp="20210406 10:25:30.510" level="WARN">Multiple test cases with name 'Check Login For Invalid Crendential' executed in test suite 'testing saucedemo M.002 Invalid Login'.</msg>
</errors>
</robot>
